c:\users\jjime\documents\visual studio 2015\projects\libreriabitacora\cpplibreriabitacora\x64\debug\cpplibreriabitacora.pch
c:\users\jjime\documents\visual studio 2015\projects\libreriabitacora\cpplibreriabitacora\x64\debug\vc140.pdb
c:\users\jjime\documents\visual studio 2015\projects\libreriabitacora\cpplibreriabitacora\x64\debug\stdafx.obj
c:\users\jjime\documents\visual studio 2015\projects\libreriabitacora\cpplibreriabitacora\x64\debug\cpplibreriabitacora.obj
c:\users\jjime\documents\visual studio 2015\projects\libreriabitacora\cpplibreriabitacora\x64\debug\assemblyinfo.obj
c:\users\jjime\documents\visual studio 2015\projects\libreriabitacora\cpplibreriabitacora\x64\debug\.netframework,version=v4.5.2.assemblyattributes.obj
c:\users\jjime\documents\visual studio 2015\projects\libreriabitacora\cpplibreriabitacora\x64\debug\.netframework,version=v4.5.2.assemblyattributes.asm
c:\users\jjime\documents\github\proyectodise-o2\proyectodise-o2\libreriabitacora.dll
c:\users\jjime\documents\github\proyectodise-o2\proyectodise-o2\libreriabitacora.pdb
c:\users\jjime\documents\github\proyectodise-o2\proyectodise-o2\cpplibreriabitacora.lib
c:\users\jjime\documents\github\proyectodise-o2\proyectodise-o2\cpplibreriabitacora.exp
c:\users\jjime\documents\github\proyectodise-o2\proyectodise-o2\cpplibreriabitacora.dll
c:\users\jjime\documents\github\proyectodise-o2\proyectodise-o2\cpplibreriabitacora.pdb
c:\users\jjime\documents\visual studio 2015\projects\libreriabitacora\cpplibreriabitacora\x64\debug\cpplibre.3b719e07.tlog\metagen.write.1.tlog
c:\users\jjime\documents\visual studio 2015\projects\libreriabitacora\cpplibreriabitacora\x64\debug\app.res
c:\users\jjime\documents\visual studio 2015\projects\libreriabitacora\cpplibreriabitacora\x64\debug\cpplibreriabitacora.vcxprojresolveassemblyreference.cache
c:\users\jjime\documents\visual studio 2015\projects\libreriabitacora\cpplibreriabitacora\..\..\..\..\github\proyectodise-o2\proyectodise-o2\cpplibreriabitacora.dll
c:\users\jjime\documents\visual studio 2015\projects\libreriabitacora\cpplibreriabitacora\x64\debug\cpplibre.3b719e07.tlog\cl.command.1.tlog
c:\users\jjime\documents\visual studio 2015\projects\libreriabitacora\cpplibreriabitacora\x64\debug\cpplibre.3b719e07.tlog\cl.read.1.tlog
c:\users\jjime\documents\visual studio 2015\projects\libreriabitacora\cpplibreriabitacora\x64\debug\cpplibre.3b719e07.tlog\cl.write.1.tlog
c:\users\jjime\documents\visual studio 2015\projects\libreriabitacora\cpplibreriabitacora\x64\debug\cpplibre.3b719e07.tlog\cpplibreriabitacora.write.1u.tlog
c:\users\jjime\documents\visual studio 2015\projects\libreriabitacora\cpplibreriabitacora\x64\debug\cpplibre.3b719e07.tlog\link.command.1.tlog
c:\users\jjime\documents\visual studio 2015\projects\libreriabitacora\cpplibreriabitacora\x64\debug\cpplibre.3b719e07.tlog\link.read.1.tlog
c:\users\jjime\documents\visual studio 2015\projects\libreriabitacora\cpplibreriabitacora\x64\debug\cpplibre.3b719e07.tlog\link.write.1.tlog
c:\users\jjime\documents\visual studio 2015\projects\libreriabitacora\cpplibreriabitacora\x64\debug\cpplibre.3b719e07.tlog\metagen.read.1.tlog
c:\users\jjime\documents\visual studio 2015\projects\libreriabitacora\cpplibreriabitacora\x64\debug\cpplibre.3b719e07.tlog\rc.command.1.tlog
c:\users\jjime\documents\visual studio 2015\projects\libreriabitacora\cpplibreriabitacora\x64\debug\cpplibre.3b719e07.tlog\rc.read.1.tlog
c:\users\jjime\documents\visual studio 2015\projects\libreriabitacora\cpplibreriabitacora\x64\debug\cpplibre.3b719e07.tlog\rc.write.1.tlog
c:\users\jjime\documents\visual studio 2015\projects\libreriabitacora\cpplibreriabitacora\x64\debug\cpplibre.3b719e07.tlog\libreriabitacora.dll.metagen
c:\users\jjime\documents\visual studio 2015\projects\libreriabitacora\cpplibreriabitacora\x64\debug\cpplibre.3b719e07.tlog\tzres.dll.bi
