#
# A fatal error has been detected by the Java Runtime Environment:
#
#  Internal Error (0xe0434352), pid=5996, tid=6968
#
# JRE version: Java(TM) SE Runtime Environment (8.0_73-b02) (build 1.8.0_73-b02)
# Java VM: Java HotSpot(TM) 64-Bit Server VM (25.73-b02 mixed mode windows-amd64 compressed oops)
# Problematic frame:
# C  [KERNELBASE.dll+0x71f28]
#
# Failed to write core dump. Minidumps are not enabled by default on client versions of Windows
#
# If you would like to submit a bug report, please visit:
#   http://bugreport.java.com/bugreport/crash.jsp
# The crash happened outside the Java Virtual Machine in native code.
# See problematic frame for where to report the bug.
#

---------------  T H R E A D  ---------------

Current thread (0x0000000015bfa800):  JavaThread "AWT-EventQueue-0" [_thread_in_native, id=6968, stack(0x0000000018300000,0x0000000018400000)]

siginfo: ExceptionCode=0xe0434352, ExceptionInformation=0xffffffff80131940 0x0000000000000000 0x0000000000000000 0x0000000000000000 0x00007ffd4b0c0000 

Registers:
RAX=0x00007ffd642e0bf9, RBX=0x0000000000000001, RCX=0x0000000017dde650, RDX=0x00007ffd42514ac0
RSP=0x00000000183fc430, RBP=0x000000001a70c4c8, RSI=0x00000000183fc5a8, RDI=0x0000000000000005
R8 =0x0000000000000001, R9 =0x0000000017dde660, R10=0x0000000017dde650, R11=0x00000000c0000001
R12=0x0000000000004000, R13=0x000000001a70c360, R14=0x00000000e0434352, R15=0x000000001a70a418
RIP=0x00007ffd61051f28, EFLAGS=0x0000000000000202

Top of Stack: (sp=0x00000000183fc430)
0x00000000183fc430:   0000000000000000 0000000000000001
0x00000000183fc440:   00000000183fc5a8 0000000000000005
0x00000000183fc450:   00000001e0434352 0000000000000000
0x00000000183fc460:   00007ffd61051f28 00007ffc00000005
0x00000000183fc470:   ffffffff80131940 0000000000000000
0x00000000183fc480:   0000000000000000 0000000000000000
0x00000000183fc490:   00007ffd4b0c0000 0000000000000000
0x00000000183fc4a0:   fffffffffffffffe 0000000000003cc0
0x00000000183fc4b0:   00007ffcebbd45c0 00007ffcebbd45c0
0x00000000183fc4c0:   0000000000003cc0 00007ffcebbd8280
0x00000000183fc4d0:   00007ffcebbd8280 00007ffd4b19fd98
0x00000000183fc4e0:   0000000000000000 000000001a3a31d0
0x00000000183fc4f0:   00008e565a7fa275 0000000000000001
0x00000000183fc500:   0000000000000005 00007ffd4b19fd71
0x00000000183fc510:   0000000000000001 00000000183fc4d8
0x00000000183fc520:   000000001a70c710 000000001a7122f0 

Instructions: (pc=0x00007ffd61051f28)
0x00007ffd61051f08:   49 8b d1 44 0f 47 c0 44 89 44 24 38 49 c1 e0 03
0x00007ffd61051f18:   e8 27 b2 00 00 48 8d 4c 24 20 ff 15 c8 a7 05 00
0x00007ffd61051f28:   48 8b 8c 24 c0 00 00 00 48 33 cc e8 98 7a 00 00
0x00007ffd61051f38:   48 81 c4 d8 00 00 00 c3 83 64 24 38 00 eb d6 cc 


Register to memory mapping:

RAX=0x00007ffd642e0bf9 is an unknown value
RBX=0x0000000000000001 is an unknown value
RCX=0x0000000017dde650 is an unknown value
RDX=0x00007ffd42514ac0 is an unknown value
RSP=0x00000000183fc430 is pointing into the stack for thread: 0x0000000015bfa800
RBP=0x000000001a70c4c8 is an unknown value
RSI=0x00000000183fc5a8 is pointing into the stack for thread: 0x0000000015bfa800
RDI=0x0000000000000005 is an unknown value
R8 =0x0000000000000001 is an unknown value
R9 =0x0000000017dde660 is an unknown value
R10=0x0000000017dde650 is an unknown value
R11=0x00000000c0000001 is an unknown value
R12=0x0000000000004000 is an unknown value
R13=0x000000001a70c360 is an unknown value
R14=0x00000000e0434352 is an unallocated location in the heap
R15=0x000000001a70a418 is an unknown value


Stack: [0x0000000018300000,0x0000000018400000],  sp=0x00000000183fc430,  free space=1009k
Native frames: (J=compiled Java code, j=interpreted, Vv=VM code, C=native code)
C  [KERNELBASE.dll+0x71f28]
C  [clr.dll+0xdfd71]
C  [clr.dll+0xdfb70]
C  0x00007ffcebabf07b

Java frames: (J=compiled Java code, j=interpreted, Vv=VM code)
j  Controlador.AbstractControlador.escribir(Ljava/lang/String;Ljava/lang/String;Ljava/lang/String;Ljava/lang/String;Ljava/lang/String;Ljava/lang/String;)V+0
j  Controlador.AbstractControlador.actualizarBitacora(LDTOSistemaAmortizacion/DtoSistema;)V+39
j  Controlador.AbstractControlador.crearSistemaAhorro(LDTOSistemaAmortizacion/DtoSistema;)V+75
j  Vistas.GUI.btnGenerarActionPerformed(Ljava/awt/event/ActionEvent;)V+271
j  Vistas.GUI.access$000(LVistas/GUI;Ljava/awt/event/ActionEvent;)V+2
j  Vistas.GUI$1.actionPerformed(Ljava/awt/event/ActionEvent;)V+5
j  javax.swing.AbstractButton.fireActionPerformed(Ljava/awt/event/ActionEvent;)V+83
j  javax.swing.AbstractButton$Handler.actionPerformed(Ljava/awt/event/ActionEvent;)V+5
j  javax.swing.DefaultButtonModel.fireActionPerformed(Ljava/awt/event/ActionEvent;)V+34
j  javax.swing.DefaultButtonModel.setPressed(Z)V+117
j  javax.swing.plaf.basic.BasicButtonListener.mouseReleased(Ljava/awt/event/MouseEvent;)V+35
j  java.awt.Component.processMouseEvent(Ljava/awt/event/MouseEvent;)V+64
j  javax.swing.JComponent.processMouseEvent(Ljava/awt/event/MouseEvent;)V+23
j  java.awt.Component.processEvent(Ljava/awt/AWTEvent;)V+81
j  java.awt.Container.processEvent(Ljava/awt/AWTEvent;)V+18
j  java.awt.Component.dispatchEventImpl(Ljava/awt/AWTEvent;)V+589
J 907 C1 java.awt.Container.dispatchEventImpl(Ljava/awt/AWTEvent;)V (129 bytes) @ 0x0000000002654284 [0x0000000002654140+0x144]
J 906 C1 java.awt.Component.dispatchEvent(Ljava/awt/AWTEvent;)V (6 bytes) @ 0x0000000002653dc4 [0x0000000002653cc0+0x104]
j  java.awt.LightweightDispatcher.retargetMouseEvent(Ljava/awt/Component;ILjava/awt/event/MouseEvent;)V+327
j  java.awt.LightweightDispatcher.processMouseEvent(Ljava/awt/event/MouseEvent;)Z+155
j  java.awt.LightweightDispatcher.dispatchEvent(Ljava/awt/AWTEvent;)Z+50
J 907 C1 java.awt.Container.dispatchEventImpl(Ljava/awt/AWTEvent;)V (129 bytes) @ 0x0000000002654224 [0x0000000002654140+0xe4]
j  java.awt.Window.dispatchEventImpl(Ljava/awt/AWTEvent;)V+19
J 933 C1 java.awt.EventQueue.dispatchEventImpl(Ljava/awt/AWTEvent;Ljava/lang/Object;)V (149 bytes) @ 0x000000000266713c [0x0000000002665900+0x183c]
J 932 C1 java.awt.EventQueue.access$500(Ljava/awt/EventQueue;Ljava/awt/AWTEvent;Ljava/lang/Object;)V (7 bytes) @ 0x000000000266539c [0x0000000002665340+0x5c]
j  java.awt.EventQueue$3.run()Ljava/lang/Void;+32
J 931 C1 java.awt.EventQueue$3.run()Ljava/lang/Object; (5 bytes) @ 0x000000000266500c [0x0000000002664f80+0x8c]
v  ~StubRoutines::call_stub
J 746  java.security.AccessController.doPrivileged(Ljava/security/PrivilegedAction;Ljava/security/AccessControlContext;)Ljava/lang/Object; (0 bytes) @ 0x00000000025fd726 [0x00000000025fd6c0+0x66]
J 760 C1 java.security.ProtectionDomain$JavaSecurityAccessImpl.doIntersectionPrivilege(Ljava/security/PrivilegedAction;Ljava/security/AccessControlContext;Ljava/security/AccessControlContext;)Ljava/lang/Object; (22 bytes) @ 0x00000000026061ec [0x0000000002605d80+0x46c]
j  java.security.ProtectionDomain$JavaSecurityAccessImpl.doIntersectionPrivilege(Ljava/security/PrivilegedAction;Ljava/security/AccessControlContext;)Ljava/lang/Object;+6
j  java.awt.EventQueue$4.run()Ljava/lang/Void;+11
j  java.awt.EventQueue$4.run()Ljava/lang/Object;+1
v  ~StubRoutines::call_stub
J 746  java.security.AccessController.doPrivileged(Ljava/security/PrivilegedAction;Ljava/security/AccessControlContext;)Ljava/lang/Object; (0 bytes) @ 0x00000000025fd726 [0x00000000025fd6c0+0x66]
J 883 C1 java.awt.EventQueue.dispatchEvent(Ljava/awt/AWTEvent;)V (80 bytes) @ 0x0000000002644cbc [0x0000000002643e40+0xe7c]
J 934 C1 java.awt.EventDispatchThread.pumpOneEventForFilters(I)V (295 bytes) @ 0x000000000266a1f4 [0x0000000002668540+0x1cb4]
j  java.awt.EventDispatchThread.pumpEventsForFilter(ILjava/awt/Conditional;Ljava/awt/EventFilter;)V+35
j  java.awt.EventDispatchThread.pumpEventsForHierarchy(ILjava/awt/Conditional;Ljava/awt/Component;)V+11
j  java.awt.EventDispatchThread.pumpEvents(ILjava/awt/Conditional;)V+4
j  java.awt.EventDispatchThread.pumpEvents(Ljava/awt/Conditional;)V+3
j  java.awt.EventDispatchThread.run()V+9
v  ~StubRoutines::call_stub

---------------  P R O C E S S  ---------------

Java Threads: ( => current thread )
  0x0000000018688000 JavaThread "TimerQueue" daemon [_thread_blocked, id=5840, stack(0x0000000019bf0000,0x0000000019cf0000)]
  0x0000000018662000 JavaThread "D3D Screen Updater" daemon [_thread_blocked, id=5344, stack(0x00000000194a0000,0x00000000195a0000)]
  0x0000000002260800 JavaThread "DestroyJavaVM" [_thread_blocked, id=4492, stack(0x0000000002160000,0x0000000002260000)]
=>0x0000000015bfa800 JavaThread "AWT-EventQueue-0" [_thread_in_native, id=6968, stack(0x0000000018300000,0x0000000018400000)]
  0x0000000015b2a800 JavaThread "AWT-Windows" daemon [_thread_in_native, id=6932, stack(0x0000000016060000,0x0000000016160000)]
  0x0000000015b49000 JavaThread "AWT-Shutdown" [_thread_blocked, id=6920, stack(0x0000000015f60000,0x0000000016060000)]
  0x0000000015b8f800 JavaThread "Java2D Disposer" daemon [_thread_blocked, id=6924, stack(0x0000000015e60000,0x0000000015f60000)]
  0x000000001448a000 JavaThread "Service Thread" daemon [_thread_blocked, id=6872, stack(0x0000000015660000,0x0000000015760000)]
  0x0000000014484000 JavaThread "C1 CompilerThread1" daemon [_thread_blocked, id=5284, stack(0x0000000015560000,0x0000000015660000)]
  0x0000000014434800 JavaThread "C2 CompilerThread0" daemon [_thread_blocked, id=6864, stack(0x0000000015460000,0x0000000015560000)]
  0x0000000014433800 JavaThread "Attach Listener" daemon [_thread_blocked, id=5932, stack(0x0000000015360000,0x0000000015460000)]
  0x0000000014430000 JavaThread "Signal Dispatcher" daemon [_thread_blocked, id=4860, stack(0x0000000015260000,0x0000000015360000)]
  0x000000000234c800 JavaThread "Finalizer" daemon [_thread_blocked, id=4864, stack(0x0000000015060000,0x0000000015160000)]
  0x0000000002349800 JavaThread "Reference Handler" daemon [_thread_blocked, id=5916, stack(0x0000000014f60000,0x0000000015060000)]

Other Threads:
  0x00000000143f6000 VMThread [stack: 0x0000000014e60000,0x0000000014f60000] [id=1872]
  0x000000001448f000 WatcherThread [stack: 0x0000000015760000,0x0000000015860000] [id=6072]

VM state:not at safepoint (normal execution)

VM Mutex/Monitor currently owned by a thread: None

Heap:
 PSYoungGen      total 17408K, used 8087K [0x00000000ecd00000, 0x00000000ee000000, 0x0000000100000000)
  eden space 15360K, 52% used [0x00000000ecd00000,0x00000000ed4e5ff8,0x00000000edc00000)
  from space 2048K, 0% used [0x00000000ede00000,0x00000000ede00000,0x00000000ee000000)
  to   space 2048K, 0% used [0x00000000edc00000,0x00000000edc00000,0x00000000ede00000)
 ParOldGen       total 39936K, used 0K [0x00000000c6600000, 0x00000000c8d00000, 0x00000000ecd00000)
  object space 39936K, 0% used [0x00000000c6600000,0x00000000c6600000,0x00000000c8d00000)
 Metaspace       used 14247K, capacity 14464K, committed 14720K, reserved 1062912K
  class space    used 1800K, capacity 1870K, committed 1920K, reserved 1048576K

Card table byte_map: [0x0000000011720000,0x00000000118f0000] byte_map_base: 0x00000000110ed000

Marking Bits: (ParMarkBitMap*) 0x0000000074e90600
 Begin Bits: [0x0000000011c30000, 0x0000000012a98000)
 End Bits:   [0x0000000012a98000, 0x0000000013900000)

Polling page: 0x00000000001e0000

CodeCache: size=245760Kb used=3408Kb max_used=3409Kb free=242351Kb
 bounds [0x0000000002360000, 0x00000000026c0000, 0x0000000011360000]
 total_blobs=1558 nmethods=1044 adapters=427
 compilation: enabled

Compilation events (10 events):
Event: 30.013 Thread 0x0000000014484000 nmethod 1040 0x00000000026b2c50 code [0x00000000026b2dc0, 0x00000000026b2fd0]
Event: 30.013 Thread 0x0000000014484000 1038       3       java.util.ArrayList::<init> (12 bytes)
Event: 30.014 Thread 0x0000000014434800 nmethod 1041 0x00000000026b5d10 code [0x00000000026b5e40, 0x00000000026b5eb8]
Event: 30.014 Thread 0x0000000014484000 nmethod 1038 0x00000000026b5810 code [0x00000000026b5980, 0x00000000026b5c10]
Event: 30.015 Thread 0x0000000014484000 1042       3       java.util.regex.Pattern$GroupHead::match (47 bytes)
Event: 30.016 Thread 0x0000000014484000 nmethod 1042 0x00000000026b5210 code [0x00000000026b5380, 0x00000000026b5628]
Event: 30.016 Thread 0x0000000014484000 1043       3       java.util.regex.Matcher::group (112 bytes)
Event: 30.019 Thread 0x0000000014484000 nmethod 1043 0x00000000026b3c90 code [0x00000000026b3ec0, 0x00000000026b4c48]
Event: 30.019 Thread 0x0000000014484000 1044       3       java.util.regex.Pattern$Branch::match (66 bytes)
Event: 30.020 Thread 0x0000000014484000 nmethod 1044 0x00000000026b3410 code [0x00000000026b35a0, 0x00000000026b3a78]

GC Heap History (0 events):
No events

Deoptimization events (4 events):
Event: 4.525 Thread 0x0000000002260800 Uncommon trap: reason=class_check action=maybe_recompile pc=0x00000000024dcae8 method=java.lang.String.equals(Ljava/lang/Object;)Z @ 8
Event: 4.527 Thread 0x0000000002260800 Uncommon trap: reason=class_check action=maybe_recompile pc=0x00000000024dcae8 method=java.lang.String.equals(Ljava/lang/Object;)Z @ 8
Event: 4.527 Thread 0x0000000002260800 Uncommon trap: reason=class_check action=maybe_recompile pc=0x00000000024dcae8 method=java.lang.String.equals(Ljava/lang/Object;)Z @ 8
Event: 4.557 Thread 0x0000000002260800 Uncommon trap: reason=class_check action=maybe_recompile pc=0x00000000024dcae8 method=java.lang.String.equals(Ljava/lang/Object;)Z @ 8

Internal exceptions (10 events):
Event: 0.209 Thread 0x0000000002260800 Exception <a 'java/lang/NoSuchMethodError': Method sun.misc.Unsafe.prefetchRead(Ljava/lang/Object;J)V name or signature does not match> (0x00000000ecd0d6f8) thrown at [D:\re\puppet\workspace\8-2-build-windows-amd64-cygwin\jdk8u73\6086\hotspot\src\share\vm\ëJvœ%ö?
Event: 1.384 Thread 0x0000000002260800 Exception <a 'java/security/PrivilegedActionException'> (0x00000000ecde5990) thrown at [D:\re\puppet\workspace\8-2-build-windows-amd64-cygwin\jdk8u73\6086\hotspot\src\share\vm\prims\jvm.cpp, line 1386]
Event: 1.384 Thread 0x0000000002260800 Exception <a 'java/security/PrivilegedActionException'> (0x00000000ecde5ba0) thrown at [D:\re\puppet\workspace\8-2-build-windows-amd64-cygwin\jdk8u73\6086\hotspot\src\share\vm\prims\jvm.cpp, line 1386]
Event: 1.428 Thread 0x0000000002260800 Exception <a 'java/security/PrivilegedActionException'> (0x00000000ece36738) thrown at [D:\re\puppet\workspace\8-2-build-windows-amd64-cygwin\jdk8u73\6086\hotspot\src\share\vm\prims\jvm.cpp, line 1386]
Event: 1.428 Thread 0x0000000002260800 Exception <a 'java/security/PrivilegedActionException'> (0x00000000ece36948) thrown at [D:\re\puppet\workspace\8-2-build-windows-amd64-cygwin\jdk8u73\6086\hotspot\src\share\vm\prims\jvm.cpp, line 1386]
Event: 1.463 Thread 0x0000000002260800 Exception <a 'java/io/FileNotFoundException'> (0x00000000ece3c7a0) thrown at [D:\re\puppet\workspace\8-2-build-windows-amd64-cygwin\jdk8u73\6086\hotspot\src\share\vm\prims\jni.cpp, line 709]
Event: 1.689 Thread 0x0000000002260800 Exception <a 'java/lang/NoSuchFieldError': method resolution failed> (0x00000000ecf0a158) thrown at [D:\re\puppet\workspace\8-2-build-windows-amd64-cygwin\jdk8u73\6086\hotspot\src\share\vm\prims\methodHandles.cpp, line 1146]
Event: 1.718 Thread 0x0000000002260800 Exception <a 'java/lang/NoSuchFieldError': method resolution failed> (0x00000000ecf174a8) thrown at [D:\re\puppet\workspace\8-2-build-windows-amd64-cygwin\jdk8u73\6086\hotspot\src\share\vm\prims\methodHandles.cpp, line 1146]
Event: 2.496 Thread 0x0000000002260800 Exception <a 'java/io/FileNotFoundException'> (0x00000000ecfb4188) thrown at [D:\re\puppet\workspace\8-2-build-windows-amd64-cygwin\jdk8u73\6086\hotspot\src\share\vm\prims\jni.cpp, line 709]
Event: 29.851 Thread 0x0000000015bfa800 Exception <a 'java/net/ConnectException': Connection refused: connect> (0x00000000ed4b7268) thrown at [D:\re\puppet\workspace\8-2-build-windows-amd64-cygwin\jdk8u73\6086\hotspot\src\share\vm\prims\jni.cpp, line 735]

Events (10 events):
Event: 30.004 loading class sun/misc/FormattedFloatingDecimal
Event: 30.005 loading class sun/misc/FormattedFloatingDecimal done
Event: 30.005 loading class sun/misc/FormattedFloatingDecimal$1
Event: 30.005 loading class sun/misc/FormattedFloatingDecimal$1 done
Event: 30.005 loading class sun/misc/FDBigInteger
Event: 30.006 loading class sun/misc/FDBigInteger done
Event: 30.009 loading class sun/misc/FormattedFloatingDecimal$2
Event: 30.009 loading class sun/misc/FormattedFloatingDecimal$2 done
Event: 30.017 loading class java/lang/ClassLoaderHelper
Event: 30.018 loading class java/lang/ClassLoaderHelper done


Dynamic libraries:
0x00007ff71d550000 - 0x00007ff71d587000 	C:\Program Files\Java\jdk1.8.0_73\bin\java.exe
0x00007ffd642c0000 - 0x00007ffd64481000 	C:\Windows\SYSTEM32\ntdll.dll
0x00007ffd63a60000 - 0x00007ffd63b0d000 	C:\Windows\system32\KERNEL32.DLL
0x00007ffd60fe0000 - 0x00007ffd611c8000 	C:\Windows\system32\KERNELBASE.dll
0x00007ffd63b10000 - 0x00007ffd63bb7000 	C:\Windows\system32\ADVAPI32.dll
0x00007ffd641e0000 - 0x00007ffd6427d000 	C:\Windows\system32\msvcrt.dll
0x00007ffd634f0000 - 0x00007ffd6354b000 	C:\Windows\system32\sechost.dll
0x00007ffd637d0000 - 0x00007ffd638ec000 	C:\Windows\system32\RPCRT4.dll
0x00007ffd63550000 - 0x00007ffd636a6000 	C:\Windows\system32\USER32.dll
0x00007ffd616c0000 - 0x00007ffd61846000 	C:\Windows\system32\GDI32.dll
0x00007ffd4f8b0000 - 0x00007ffd4fb24000 	C:\Windows\WinSxS\amd64_microsoft.windows.common-controls_6595b64144ccf1df_6.0.10586.0_none_8c15ae12515e1c22\COMCTL32.dll
0x00007ffd63f60000 - 0x00007ffd641dd000 	C:\Windows\system32\combase.dll
0x00007ffd61650000 - 0x00007ffd616ba000 	C:\Windows\system32\bcryptPrimitives.dll
0x00007ffd64280000 - 0x00007ffd642bb000 	C:\Windows\system32\IMM32.DLL
0x00000000745a0000 - 0x0000000074672000 	C:\Program Files\Java\jdk1.8.0_73\jre\bin\msvcr100.dll
0x0000000074680000 - 0x0000000074f10000 	C:\Program Files\Java\jdk1.8.0_73\jre\bin\server\jvm.dll
0x00007ffd61dd0000 - 0x00007ffd61dd8000 	C:\Windows\system32\PSAPI.DLL
0x00007ffd5c6d0000 - 0x00007ffd5c6d9000 	C:\Windows\SYSTEM32\WSOCK32.dll
0x00007ffd636b0000 - 0x00007ffd6371b000 	C:\Windows\system32\WS2_32.dll
0x00007ffd5ed10000 - 0x00007ffd5ed33000 	C:\Windows\SYSTEM32\WINMM.dll
0x00007ffd5c150000 - 0x00007ffd5c15a000 	C:\Windows\SYSTEM32\VERSION.dll
0x00007ffd5eba0000 - 0x00007ffd5ebcc000 	C:\Windows\SYSTEM32\WINMMBASE.dll
0x00007ffd61430000 - 0x00007ffd61473000 	C:\Windows\system32\cfgmgr32.dll
0x0000000075cc0000 - 0x0000000075ccf000 	C:\Program Files\Java\jdk1.8.0_73\jre\bin\verify.dll
0x0000000074530000 - 0x0000000074559000 	C:\Program Files\Java\jdk1.8.0_73\jre\bin\java.dll
0x0000000075ca0000 - 0x0000000075cb6000 	C:\Program Files\Java\jdk1.8.0_73\jre\bin\zip.dll
0x00007ffd61de0000 - 0x00007ffd6333c000 	C:\Windows\system32\SHELL32.dll
0x00007ffd60990000 - 0x00007ffd60fd4000 	C:\Windows\system32\windows.storage.dll
0x00007ffd638f0000 - 0x00007ffd63942000 	C:\Windows\system32\shlwapi.dll
0x00007ffd60940000 - 0x00007ffd6094f000 	C:\Windows\system32\kernel.appcore.dll
0x00007ffd611d0000 - 0x00007ffd61285000 	C:\Windows\system32\shcore.dll
0x00007ffd608e0000 - 0x00007ffd6092b000 	C:\Windows\system32\powrprof.dll
0x00007ffd60950000 - 0x00007ffd60964000 	C:\Windows\system32\profapi.dll
0x0000000074350000 - 0x00000000744e8000 	C:\Program Files\Java\jdk1.8.0_73\jre\bin\awt.dll
0x00007ffd61d00000 - 0x00007ffd61dc1000 	C:\Windows\system32\OLEAUT32.dll
0x00007ffd5f110000 - 0x00007ffd5f189000 	C:\Windows\system32\apphelp.dll
0x00007ffd5de80000 - 0x00007ffd5dea2000 	C:\Windows\system32\DWMAPI.DLL
0x00007ffd5f340000 - 0x00007ffd5f3d6000 	C:\Windows\system32\uxtheme.dll
0x00007ffd63e00000 - 0x00007ffd63f5a000 	C:\Windows\system32\MSCTF.dll
0x00007ffd63c50000 - 0x00007ffd63d93000 	C:\Windows\system32\ole32.dll
0x00007ffd41a60000 - 0x00007ffd41c70000 	C:\Windows\system32\d3d9.dll
0x00007ffd5b140000 - 0x00007ffd5b2a7000 	C:\Windows\SYSTEM32\aticfx64.dll
0x00007ffd48320000 - 0x00007ffd48341000 	C:\Windows\SYSTEM32\atiu9p64.dll
0x00007ffd41200000 - 0x00007ffd41a59000 	C:\Windows\SYSTEM32\atiumd64.dll
0x0000000075410000 - 0x0000000075c98000 	C:\Windows\SYSTEM32\atiumd6a.dll
0x0000000074300000 - 0x0000000074347000 	C:\Program Files\Java\jdk1.8.0_73\jre\bin\fontmanager.dll
0x00007ffd63720000 - 0x00007ffd637c7000 	C:\Windows\system32\clbcatq.dll
0x00007ffd5c390000 - 0x00007ffd5c541000 	C:\Windows\SYSTEM32\WindowsCodecs.dll
0x00007ffd4d6a0000 - 0x00007ffd4d6ea000 	C:\Windows\system32\dataexchange.dll
0x00007ffd5ec00000 - 0x00007ffd5ece3000 	C:\Windows\system32\dcomp.dll
0x00007ffd5d550000 - 0x00007ffd5d7f8000 	C:\Windows\system32\d3d11.dll
0x00007ffd5d270000 - 0x00007ffd5d312000 	C:\Windows\system32\dxgi.dll
0x00007ffd5f3e0000 - 0x00007ffd5f4e0000 	C:\Windows\system32\twinapi.appcore.dll
0x00007ffd60820000 - 0x00007ffd60849000 	C:\Windows\system32\bcrypt.dll
0x0000000074510000 - 0x000000007452a000 	C:\Program Files\Java\jdk1.8.0_73\jre\bin\net.dll
0x00007ffd601b0000 - 0x00007ffd6020c000 	C:\Windows\system32\mswsock.dll
0x00000000744f0000 - 0x0000000074501000 	C:\Program Files\Java\jdk1.8.0_73\jre\bin\nio.dll
0x00000000742b0000 - 0x00000000742f2000 	C:\Program Files\Java\jdk1.8.0_73\jre\bin\t2k.dll
0x00007ffd5f260000 - 0x00007ffd5f30a000 	C:\Windows\SYSTEM32\DNSAPI.dll
0x00007ffd63bc0000 - 0x00007ffd63bc8000 	C:\Windows\system32\NSI.dll
0x00007ffd57f00000 - 0x00007ffd57f0a000 	C:\Windows\System32\rasadhlp.dll
0x00007ffd5d490000 - 0x00007ffd5d4c8000 	C:\Windows\SYSTEM32\IPHLPAPI.DLL
0x00007ffd5b2b0000 - 0x00007ffd5b317000 	C:\Windows\System32\fwpuclnt.dll
0x00007ffd508e0000 - 0x00007ffd50912000 	C:\Users\jjime\Documents\GitHub\ProyectoDise-o2\ProyectoDise-o2\cppLibreriaBitacora.dll
0x00007ffd50bc0000 - 0x00007ffd50be3000 	C:\Windows\SYSTEM32\VCRUNTIME140D.dll
0x00007ffd45b50000 - 0x00007ffd45d0b000 	C:\Windows\SYSTEM32\ucrtbased.dll
0x00007ffd46c20000 - 0x00007ffd46d17000 	C:\Windows\SYSTEM32\MSVCP140D.dll
0x00007ffd4d400000 - 0x00007ffd4d468000 	C:\Windows\SYSTEM32\mscoree.dll
0x00007ffd60380000 - 0x00007ffd6038b000 	C:\Windows\SYSTEM32\CRYPTBASE.DLL
0x00007ffd4d360000 - 0x00007ffd4d3f8000 	C:\Windows\Microsoft.NET\Framework64\v4.0.30319\mscoreei.dll
0x00007ffd4b0c0000 - 0x00007ffd4ba50000 	C:\Windows\Microsoft.NET\Framework64\v4.0.30319\clr.dll
0x00007ffd4afc0000 - 0x00007ffd4b0b7000 	C:\Windows\SYSTEM32\MSVCR120_CLR0400.dll
0x00007ffd41ff0000 - 0x00007ffd434b4000 	C:\Windows\assembly\NativeImages_v4.0.30319_64\mscorlib\43226440664fdfb99f9ad60968b2a60c\mscorlib.ni.dll
0x00007ffd46490000 - 0x00007ffd46595000 	C:\Windows\Microsoft.NET\Framework64\v4.0.30319\clrjit.dll
0x00007ffd45780000 - 0x00007ffd45897000 	C:\Windows\Microsoft.NET\Framework64\v4.0.30319\diasymreader.dll
0x00007ffd60260000 - 0x00007ffd60277000 	C:\Windows\SYSTEM32\CRYPTSP.dll
0x00007ffd5fef0000 - 0x00007ffd5ff24000 	C:\Windows\system32\rsaenh.dll
0x00007ffd46d20000 - 0x00007ffd46eac000 	C:\Windows\SYSTEM32\dbghelp.dll

VM Arguments:
jvm_args: -Dfile.encoding=UTF-8 
java_command: Main.Main
java_class_path (initial): C:\Users\jjime\Documents\GitHub\ProyectoDise-o2\ProyectoDise-o2\json-simple-1.1.1.jar;C:\Users\jjime\Documents\GitHub\ProyectoDise-o2\ProyectoDise-o2\build\classes
Launcher Type: SUN_STANDARD

Environment Variables:
PATH=C:\ProgramData\Oracle\Java\javapath;C:\Windows\system32;C:\Windows;C:\Windows\System32\Wbem;C:\Windows\System32\WindowsPowerShell\v1.0\;C:\Program Files (x86)\ATI Technologies\ATI.ACE\Core-Static;C:\Program Files (x86)\Skype\Phone\;C:\Windows\system32\config\systemprofile\.dnx\bin;C:\Program Files\Microsoft DNX\Dnvm\;C:\Program Files\Microsoft SQL Server\130\Tools\Binn\;C:\Program Files (x86)\Windows Kits\8.1\Windows Performance Toolkit\
USERNAME=jjime
OS=Windows_NT
PROCESSOR_IDENTIFIER=AMD64 Family 20 Model 1 Stepping 0, AuthenticAMD



---------------  S Y S T E M  ---------------

OS: Windows 10.0 , 64 bit Build 10586 (10.0.10586.0)

CPU:total 2 (2 cores per cpu, 1 threads per core) family 20 model 1 stepping 0, cmov, cx8, fxsr, mmx, sse, sse2, sse3, ssse3, popcnt, mmxext, lzcnt, sse4a, tsc, tscinvbit, tscinv

Memory: 4k page, physical 3775348k(1751684k free), swap 4430708k(2221620k free)

vm_info: Java HotSpot(TM) 64-Bit Server VM (25.73-b02) for windows-amd64 JRE (1.8.0_73-b02), built on Jan 29 2016 17:38:49 by "java_re" with MS VC++ 10.0 (VS2010)

time: Mon May 30 16:29:02 2016
elapsed time: 30 seconds (0d 0h 0m 30s)

