#
# A fatal error has been detected by the Java Runtime Environment:
#
#  Internal Error (0xe0434352), pid=7440, tid=4816
#
# JRE version: Java(TM) SE Runtime Environment (8.0_73-b02) (build 1.8.0_73-b02)
# Java VM: Java HotSpot(TM) 64-Bit Server VM (25.73-b02 mixed mode windows-amd64 compressed oops)
# Problematic frame:
# C  [KERNELBASE.dll+0x71f28]
#
# Failed to write core dump. Minidumps are not enabled by default on client versions of Windows
#
# If you would like to submit a bug report, please visit:
#   http://bugreport.java.com/bugreport/crash.jsp
# The crash happened outside the Java Virtual Machine in native code.
# See problematic frame for where to report the bug.
#

---------------  T H R E A D  ---------------

Current thread (0x0000000015ae4800):  JavaThread "AWT-EventQueue-0" [_thread_in_native, id=4816, stack(0x0000000018240000,0x0000000018340000)]

siginfo: ExceptionCode=0xe0434352, ExceptionInformation=0xffffffff80070020 0x0000000000000000 0x0000000000000000 0x0000000000000000 0x00007ffda9c90000 

Registers:
RAX=0x00007ffd00000000, RBX=0x0000000000000001, RCX=0x0000d70285341eab, RDX=0x00007ffdaa369240
RSP=0x000000001833bf10, RBP=0x000000001b2c38f0, RSI=0x000000001833c088, RDI=0x0000000000000005
R8 =0x00007ffda9c90001, R9 =0x00007ffdaa37d4cb, R10=0x0000000000000000, R11=0x00007ffda2fed50d
R12=0x0000000000004000, R13=0x0000000000000000, R14=0x00000000e0434352, R15=0x0000000000000000
RIP=0x00007ffdc1d01f28, EFLAGS=0x0000000000000202

Top of Stack: (sp=0x000000001833bf10)
0x000000001833bf10:   0000000000000000 0000000000000001
0x000000001833bf20:   000000001833c088 0000000000000005
0x000000001833bf30:   00000001e0434352 0000000000000000
0x000000001833bf40:   00007ffdc1d01f28 0000000000000005
0x000000001833bf50:   ffffffff80070020 0000000000000000
0x000000001833bf60:   0000000000000000 0000000000000000
0x000000001833bf70:   00007ffda9c90000 000000001833bf00
0x000000001833bf80:   fffffffffffffffe 0000000017e6ae60
0x000000001833bf90:   fffffffffffffffe 00007ffdaa36a1a0
0x000000001833bfa0:   0000d70285341eab 00007ffdaa367d98
0x000000001833bfb0:   ffffffffffffffff 00007ffda9d6fd98
0x000000001833bfc0:   0000000000000000 0000000017e73e90
0x000000001833bfd0:   0000026843f99b8a 0000000000000001
0x000000001833bfe0:   0000000000000005 00007ffda9d6fd71
0x000000001833bff0:   0000000000000001 000000001833bfb8
0x000000001833c000:   000000001b2c3a10 0000000000000061 

Instructions: (pc=0x00007ffdc1d01f28)
0x00007ffdc1d01f08:   49 8b d1 44 0f 47 c0 44 89 44 24 38 49 c1 e0 03
0x00007ffdc1d01f18:   e8 27 b2 00 00 48 8d 4c 24 20 ff 15 c8 a7 05 00
0x00007ffdc1d01f28:   48 8b 8c 24 c0 00 00 00 48 33 cc e8 98 7a 00 00
0x00007ffdc1d01f38:   48 81 c4 d8 00 00 00 c3 83 64 24 38 00 eb d6 cc 


Register to memory mapping:

RAX=0x00007ffd00000000 is an unknown value
RBX=0x0000000000000001 is an unknown value
RCX=0x0000d70285341eab is an unknown value
RDX=0x00007ffdaa369240 is an unknown value
RSP=0x000000001833bf10 is pointing into the stack for thread: 0x0000000015ae4800
RBP=0x000000001b2c38f0 is an unknown value
RSI=0x000000001833c088 is pointing into the stack for thread: 0x0000000015ae4800
RDI=0x0000000000000005 is an unknown value
R8 =0x00007ffda9c90001 is an unknown value
R9 =0x00007ffdaa37d4cb is an unknown value
R10=0x0000000000000000 is an unknown value
R11=0x00007ffda2fed50d is an unknown value
R12=0x0000000000004000 is an unknown value
R13=0x0000000000000000 is an unknown value
R14=0x00000000e0434352 is an unallocated location in the heap
R15=0x0000000000000000 is an unknown value


Stack: [0x0000000018240000,0x0000000018340000],  sp=0x000000001833bf10,  free space=1007k
Native frames: (J=compiled Java code, j=interpreted, Vv=VM code, C=native code)
C  [KERNELBASE.dll+0x71f28]
C  [clr.dll+0xdfd71]
C  [clr.dll+0xdfb70]
C  [mscorlib.ni.dll+0x446bff]
C  [mscorlib.ni.dll+0x53e716]
C  [mscorlib.ni.dll+0x496de4]
C  [mscorlib.ni.dll+0x4623f6]
C  [mscorlib.ni.dll+0x462347]
C  [mscorlib.ni.dll+0xd615e7]
C  [mscorlib.ni.dll+0xcd93b2]
C  0x00007ffd4a6700b2

Java frames: (J=compiled Java code, j=interpreted, Vv=VM code)
j  Controlador.AbstractControlador.escribir(Ljava/lang/String;Ljava/lang/String;Ljava/lang/String;Ljava/lang/String;Ljava/lang/String;Ljava/lang/String;)V+0
j  Controlador.AbstractControlador.actualizarBitacora(LDTOSistemaAmortizacion/DtoSistema;)V+39
j  Controlador.AbstractControlador.crearSistemaAhorro(LDTOSistemaAmortizacion/DtoSistema;)V+75
j  Vistas.GUI.btnGenerarActionPerformed(Ljava/awt/event/ActionEvent;)V+271
j  Vistas.GUI.access$000(LVistas/GUI;Ljava/awt/event/ActionEvent;)V+2
j  Vistas.GUI$1.actionPerformed(Ljava/awt/event/ActionEvent;)V+5
j  javax.swing.AbstractButton.fireActionPerformed(Ljava/awt/event/ActionEvent;)V+83
j  javax.swing.AbstractButton$Handler.actionPerformed(Ljava/awt/event/ActionEvent;)V+5
j  javax.swing.DefaultButtonModel.fireActionPerformed(Ljava/awt/event/ActionEvent;)V+34
j  javax.swing.DefaultButtonModel.setPressed(Z)V+117
j  javax.swing.plaf.basic.BasicButtonListener.mouseReleased(Ljava/awt/event/MouseEvent;)V+35
J 2066 C1 java.awt.Component.processMouseEvent(Ljava/awt/event/MouseEvent;)V (100 bytes) @ 0x000000000255c3bc [0x000000000255c020+0x39c]
J 2065 C1 javax.swing.JComponent.processMouseEvent(Ljava/awt/event/MouseEvent;)V (27 bytes) @ 0x00000000023deb7c [0x00000000023de960+0x21c]
J 1252 C1 java.awt.Component.processEvent(Ljava/awt/AWTEvent;)V (220 bytes) @ 0x00000000025fa524 [0x00000000025fa000+0x524]
J 1251 C1 java.awt.Container.processEvent(Ljava/awt/AWTEvent;)V (22 bytes) @ 0x00000000025f904c [0x00000000025f8d20+0x32c]
J 1206 C1 java.awt.Component.dispatchEventImpl(Ljava/awt/AWTEvent;)V (883 bytes) @ 0x00000000025d435c [0x00000000025cee80+0x54dc]
J 1123 C1 java.awt.Container.dispatchEventImpl(Ljava/awt/AWTEvent;)V (129 bytes) @ 0x0000000002573284 [0x0000000002573140+0x144]
J 1505 C1 java.awt.LightweightDispatcher.retargetMouseEvent(Ljava/awt/Component;ILjava/awt/event/MouseEvent;)V (350 bytes) @ 0x00000000026b9c5c [0x00000000026b7700+0x255c]
J 1304 C1 java.awt.LightweightDispatcher.processMouseEvent(Ljava/awt/event/MouseEvent;)Z (286 bytes) @ 0x000000000260b34c [0x0000000002609c40+0x170c]
J 1228 C1 java.awt.LightweightDispatcher.dispatchEvent(Ljava/awt/AWTEvent;)Z (73 bytes) @ 0x00000000025e873c [0x00000000025e8300+0x43c]
J 1123 C1 java.awt.Container.dispatchEventImpl(Ljava/awt/AWTEvent;)V (129 bytes) @ 0x0000000002573224 [0x0000000002573140+0xe4]
J 1225 C1 java.awt.Window.dispatchEventImpl(Ljava/awt/AWTEvent;)V (23 bytes) @ 0x00000000025e7864 [0x00000000025e7280+0x5e4]
J 2009 C2 java.awt.EventQueue$3.run()Ljava/lang/Void; (60 bytes) @ 0x00000000027fb1ac [0x00000000027fae20+0x38c]
J 2077 C2 java.awt.EventQueue$3.run()Ljava/lang/Object; (5 bytes) @ 0x000000000231cd94 [0x000000000231cd60+0x34]
v  ~StubRoutines::call_stub
J 716  java.security.AccessController.doPrivileged(Ljava/security/PrivilegedAction;Ljava/security/AccessControlContext;)Ljava/lang/Object; (0 bytes) @ 0x0000000002461966 [0x0000000002461900+0x66]
J 1253 C1 java.awt.EventQueue$4.run()Ljava/lang/Object; (5 bytes) @ 0x00000000025efbec [0x00000000025ef7c0+0x42c]
v  ~StubRoutines::call_stub
J 716  java.security.AccessController.doPrivileged(Ljava/security/PrivilegedAction;Ljava/security/AccessControlContext;)Ljava/lang/Object; (0 bytes) @ 0x0000000002461966 [0x0000000002461900+0x66]
J 2011 C2 java.awt.EventQueue.dispatchEvent(Ljava/awt/AWTEvent;)V (80 bytes) @ 0x00000000027f79d8 [0x00000000027f7680+0x358]
J 2018 C2 java.awt.EventDispatchThread.pumpOneEventForFilters(I)V (295 bytes) @ 0x00000000027fdd10 [0x00000000027fda40+0x2d0]
j  java.awt.EventDispatchThread.pumpEventsForFilter(ILjava/awt/Conditional;Ljava/awt/EventFilter;)V+35
j  java.awt.EventDispatchThread.pumpEventsForHierarchy(ILjava/awt/Conditional;Ljava/awt/Component;)V+11
j  java.awt.EventDispatchThread.pumpEvents(ILjava/awt/Conditional;)V+4
j  java.awt.EventDispatchThread.pumpEvents(Ljava/awt/Conditional;)V+3
j  java.awt.EventDispatchThread.run()V+9
v  ~StubRoutines::call_stub

---------------  P R O C E S S  ---------------

Java Threads: ( => current thread )
  0x00000000183e6000 JavaThread "TimerQueue" daemon [_thread_blocked, id=5912, stack(0x0000000019b30000,0x0000000019c30000)]
  0x00000000183dc800 JavaThread "D3D Screen Updater" daemon [_thread_blocked, id=2820, stack(0x00000000193e0000,0x00000000194e0000)]
  0x00000000020e0800 JavaThread "DestroyJavaVM" [_thread_blocked, id=5876, stack(0x0000000001f60000,0x0000000002060000)]
=>0x0000000015ae4800 JavaThread "AWT-EventQueue-0" [_thread_in_native, id=4816, stack(0x0000000018240000,0x0000000018340000)]
  0x0000000015a18000 JavaThread "AWT-Windows" daemon [_thread_in_native, id=4580, stack(0x0000000015eb0000,0x0000000015fb0000)]
  0x0000000015a28000 JavaThread "AWT-Shutdown" [_thread_blocked, id=6920, stack(0x0000000015db0000,0x0000000015eb0000)]
  0x0000000015a27000 JavaThread "Java2D Disposer" daemon [_thread_blocked, id=3224, stack(0x0000000015bf0000,0x0000000015cf0000)]
  0x0000000014309800 JavaThread "Service Thread" daemon [_thread_blocked, id=4784, stack(0x00000000154f0000,0x00000000155f0000)]
  0x0000000014303800 JavaThread "C1 CompilerThread1" daemon [_thread_blocked, id=7984, stack(0x00000000153f0000,0x00000000154f0000)]
  0x00000000142a8800 JavaThread "C2 CompilerThread0" daemon [_thread_blocked, id=4588, stack(0x00000000152f0000,0x00000000153f0000)]
  0x00000000142a7000 JavaThread "Attach Listener" daemon [_thread_blocked, id=4400, stack(0x00000000151f0000,0x00000000152f0000)]
  0x00000000142a4000 JavaThread "Signal Dispatcher" daemon [_thread_blocked, id=6812, stack(0x00000000150f0000,0x00000000151f0000)]
  0x00000000021d2800 JavaThread "Finalizer" daemon [_thread_blocked, id=4792, stack(0x0000000014ef0000,0x0000000014ff0000)]
  0x00000000021c9800 JavaThread "Reference Handler" daemon [_thread_blocked, id=2472, stack(0x0000000014df0000,0x0000000014ef0000)]

Other Threads:
  0x0000000014276000 VMThread [stack: 0x0000000014cf0000,0x0000000014df0000] [id=6668]
  0x0000000014311000 WatcherThread [stack: 0x00000000155f0000,0x00000000156f0000] [id=7128]

VM state:not at safepoint (normal execution)

VM Mutex/Monitor currently owned by a thread: None

Heap:
 PSYoungGen      total 17408K, used 6820K [0x00000000ecd00000, 0x00000000ee000000, 0x0000000100000000)
  eden space 15360K, 31% used [0x00000000ecd00000,0x00000000ed1b11c0,0x00000000edc00000)
  from space 2048K, 98% used [0x00000000edc00000,0x00000000eddf8010,0x00000000ede00000)
  to   space 2048K, 0% used [0x00000000ede00000,0x00000000ede00000,0x00000000ee000000)
 ParOldGen       total 39936K, used 772K [0x00000000c6600000, 0x00000000c8d00000, 0x00000000ecd00000)
  object space 39936K, 1% used [0x00000000c6600000,0x00000000c66c1368,0x00000000c8d00000)
 Metaspace       used 16422K, capacity 16696K, committed 17024K, reserved 1064960K
  class space    used 2005K, capacity 2076K, committed 2176K, reserved 1048576K

Card table byte_map: [0x00000000115a0000,0x0000000011770000] byte_map_base: 0x0000000010f6d000

Marking Bits: (ParMarkBitMap*) 0x000000006d100600
 Begin Bits: [0x0000000011ab0000, 0x0000000012918000)
 End Bits:   [0x0000000012918000, 0x0000000013780000)

Polling page: 0x00000000001f0000

CodeCache: size=245760Kb used=6246Kb max_used=6339Kb free=239513Kb
 bounds [0x00000000021e0000, 0x0000000002820000, 0x00000000111e0000]
 total_blobs=2499 nmethods=1960 adapters=451
 compilation: enabled

Compilation events (10 events):
Event: 2339.779 Thread 0x0000000014303800 2100       3       java.util.Formatter$FormatSpecifier::<init> (246 bytes)
Event: 2339.787 Thread 0x0000000014303800 nmethod 2100 0x0000000002498810 code [0x0000000002498b40, 0x0000000002499e18]
Event: 2339.787 Thread 0x0000000014303800 2101   !   3       java.util.Formatter$FormatSpecifier::index (53 bytes)
Event: 2339.788 Thread 0x0000000014303800 nmethod 2101 0x0000000002498010 code [0x00000000024981a0, 0x0000000002498618]
Event: 2339.788 Thread 0x0000000014303800 2102       3       java.util.Formatter$FormatSpecifier::flags (31 bytes)
Event: 2339.789 Thread 0x0000000014303800 nmethod 2102 0x000000000268a810 code [0x000000000268a980, 0x000000000268ac68]
Event: 2339.789 Thread 0x0000000014303800 2103       3       java.lang.Integer::parseInt (7 bytes)
Event: 2339.789 Thread 0x0000000014303800 nmethod 2103 0x000000000268a490 code [0x000000000268a600, 0x000000000268a768]
Event: 2339.789 Thread 0x0000000014303800 2104       3       java.util.Formatter$Conversion::isText (32 bytes)
Event: 2339.789 Thread 0x0000000014303800 nmethod 2104 0x000000000268a190 code [0x000000000268a2e0, 0x000000000268a430]

GC Heap History (2 events):
Event: 1342.379 GC heap before
{Heap before GC invocations=1 (full 0):
 PSYoungGen      total 17408K, used 15360K [0x00000000ecd00000, 0x00000000ee000000, 0x0000000100000000)
  eden space 15360K, 100% used [0x00000000ecd00000,0x00000000edc00000,0x00000000edc00000)
  from space 2048K, 0% used [0x00000000ede00000,0x00000000ede00000,0x00000000ee000000)
  to   space 2048K, 0% used [0x00000000edc00000,0x00000000edc00000,0x00000000ede00000)
 ParOldGen       total 39936K, used 0K [0x00000000c6600000, 0x00000000c8d00000, 0x00000000ecd00000)
  object space 39936K, 0% used [0x00000000c6600000,0x00000000c6600000,0x00000000c8d00000)
 Metaspace       used 16256K, capacity 16498K, committed 16768K, reserved 1064960K
  class space    used 2004K, capacity 2075K, committed 2176K, reserved 1048576K
Event: 1342.418 GC heap after
Heap after GC invocations=1 (full 0):
 PSYoungGen      total 17408K, used 2016K [0x00000000ecd00000, 0x00000000ee000000, 0x0000000100000000)
  eden space 15360K, 0% used [0x00000000ecd00000,0x00000000ecd00000,0x00000000edc00000)
  from space 2048K, 98% used [0x00000000edc00000,0x00000000eddf8010,0x00000000ede00000)
  to   space 2048K, 0% used [0x00000000ede00000,0x00000000ede00000,0x00000000ee000000)
 ParOldGen       total 39936K, used 772K [0x00000000c6600000, 0x00000000c8d00000, 0x00000000ecd00000)
  object space 39936K, 1% used [0x00000000c6600000,0x00000000c66c1368,0x00000000c8d00000)
 Metaspace       used 16256K, capacity 16498K, committed 16768K, reserved 1064960K
  class space    used 2004K, capacity 2075K, committed 2176K, reserved 1048576K
}

Deoptimization events (10 events):
Event: 750.863 Thread 0x0000000015ae4800 Uncommon trap: reason=unstable_if action=reinterpret pc=0x00000000025f8110 method=java.util.ArrayList.toArray([Ljava/lang/Object;)[Ljava/lang/Object; @ 6
Event: 905.580 Thread 0x0000000015ae4800 Uncommon trap: reason=unstable_if action=reinterpret pc=0x00000000022eb710 method=java.util.IdentityHashMap.isEmpty()Z @ 4
Event: 1159.858 Thread 0x0000000015ae4800 Uncommon trap: reason=unstable_if action=reinterpret pc=0x000000000268a1b8 method=java.awt.Container.findComponentAtImpl(IIZ)Ljava/awt/Component; @ 24
Event: 1201.351 Thread 0x0000000015ae4800 Uncommon trap: reason=class_check action=maybe_recompile pc=0x00000000026ce3c4 method=java.awt.EventQueue.coalesceEvent(Ljava/awt/AWTEvent;I)Z @ 77
Event: 1201.701 Thread 0x0000000015ae4800 Uncommon trap: reason=class_check action=maybe_recompile pc=0x00000000026ce3c4 method=java.awt.EventQueue.coalesceEvent(Ljava/awt/AWTEvent;I)Z @ 77
Event: 1201.934 Thread 0x0000000015ae4800 Uncommon trap: reason=class_check action=maybe_recompile pc=0x00000000026ce3c4 method=java.awt.EventQueue.coalesceEvent(Ljava/awt/AWTEvent;I)Z @ 77
Event: 1202.050 Thread 0x0000000015ae4800 Uncommon trap: reason=class_check action=maybe_recompile pc=0x00000000026ce3c4 method=java.awt.EventQueue.coalesceEvent(Ljava/awt/AWTEvent;I)Z @ 77
Event: 1280.533 Thread 0x0000000015ae4800 Uncommon trap: reason=unstable_if action=reinterpret pc=0x000000000260ca58 method=javax.swing.SwingUtilities.computeIntersection(IIIILjava/awt/Rectangle;)Ljava/awt/Rectangle; @ 159
Event: 1342.430 Thread 0x0000000015ae4800 Uncommon trap: reason=unstable_if action=reinterpret pc=0x00000000026c3680 method=java.lang.ref.SoftReference.get()Ljava/lang/Object; @ 17
Event: 1858.769 Thread 0x0000000015ae4800 Uncommon trap: reason=unstable_if action=reinterpret pc=0x00000000022eaa10 method=sun.font.CMap$CMapFormat4.getGlyph(I)C @ 181

Internal exceptions (10 events):
Event: 0.852 Thread 0x00000000020e0800 Exception <a 'java/security/PrivilegedActionException'> (0x00000000ece369d0) thrown at [D:\re\puppet\workspace\8-2-build-windows-amd64-cygwin\jdk8u73\6086\hotspot\src\share\vm\prims\jvm.cpp, line 1386]
Event: 0.852 Thread 0x00000000020e0800 Exception <a 'java/security/PrivilegedActionException'> (0x00000000ece36be0) thrown at [D:\re\puppet\workspace\8-2-build-windows-amd64-cygwin\jdk8u73\6086\hotspot\src\share\vm\prims\jvm.cpp, line 1386]
Event: 0.880 Thread 0x00000000020e0800 Exception <a 'java/io/FileNotFoundException'> (0x00000000ece3ca38) thrown at [D:\re\puppet\workspace\8-2-build-windows-amd64-cygwin\jdk8u73\6086\hotspot\src\share\vm\prims\jni.cpp, line 709]
Event: 1.100 Thread 0x00000000020e0800 Exception <a 'java/lang/NoSuchFieldError': method resolution failed> (0x00000000ecf0a548) thrown at [D:\re\puppet\workspace\8-2-build-windows-amd64-cygwin\jdk8u73\6086\hotspot\src\share\vm\prims\methodHandles.cpp, line 1146]
Event: 1.125 Thread 0x00000000020e0800 Exception <a 'java/lang/NoSuchFieldError': method resolution failed> (0x00000000ecf17898) thrown at [D:\re\puppet\workspace\8-2-build-windows-amd64-cygwin\jdk8u73\6086\hotspot\src\share\vm\prims\methodHandles.cpp, line 1146]
Event: 1.336 Thread 0x00000000020e0800 Exception <a 'java/io/FileNotFoundException'> (0x00000000ecfb45c0) thrown at [D:\re\puppet\workspace\8-2-build-windows-amd64-cygwin\jdk8u73\6086\hotspot\src\share\vm\prims\jni.cpp, line 709]
Event: 905.523 Thread 0x0000000015ae4800 Exception <a 'java/net/UnknownHostException': indicadoreseconomicos.bccr.fi.cr> (0x00000000ed6cb140) thrown at [D:\re\puppet\workspace\8-2-build-windows-amd64-cygwin\jdk8u73\6086\hotspot\src\share\vm\prims\jni.cpp, line 735]
Event: 906.349 Thread 0x0000000015ae4800 Exception <a 'java/lang/NullPointerException'> (0x00000000ed737020) thrown at [D:\re\puppet\workspace\8-2-build-windows-amd64-cygwin\jdk8u73\6086\hotspot\src\share\vm\interpreter\linkResolver.cpp, line 1178]
Event: 963.361 Thread 0x0000000015ae4800 Exception <a 'java/net/UnknownHostException': indicadoreseconomicos.bccr.fi.cr> (0x00000000ed83bad0) thrown at [D:\re\puppet\workspace\8-2-build-windows-amd64-cygwin\jdk8u73\6086\hotspot\src\share\vm\prims\jni.cpp, line 735]
Event: 963.411 Thread 0x0000000015ae4800 Exception <a 'java/lang/NullPointerException'> (0x00000000ed867fd0) thrown at [D:\re\puppet\workspace\8-2-build-windows-amd64-cygwin\jdk8u73\6086\hotspot\src\share\vm\interpreter\linkResolver.cpp, line 1178]

Events (10 events):
Event: 2319.181 Thread 0x0000000014303800 flushing nmethod 0x00000000024f82d0
Event: 2319.184 Thread 0x0000000014303800 flushing nmethod 0x000000000255b850
Event: 2319.184 Thread 0x0000000014303800 flushing nmethod 0x000000000255c150
Event: 2319.184 Thread 0x0000000014303800 flushing nmethod 0x000000000257a810
Event: 2319.187 Executing VM operation: RevokeBias
Event: 2319.187 Executing VM operation: RevokeBias done
Event: 2319.187 Thread 0x0000000014303800 flushing nmethod 0x0000000002633650
Event: 2319.189 Thread 0x0000000014303800 flushing nmethod 0x0000000002689850
Event: 2319.190 Thread 0x0000000014303800 flushing nmethod 0x00000000026c7910
Event: 2319.190 Thread 0x0000000014303800 flushing nmethod 0x00000000026c9dd0


Dynamic libraries:
0x00007ff6e4030000 - 0x00007ff6e4067000 	C:\Program Files\Java\jdk1.8.0_73\bin\java.exe
0x00007ffdc4d30000 - 0x00007ffdc4ef1000 	C:\Windows\SYSTEM32\ntdll.dll
0x00007ffdc4b00000 - 0x00007ffdc4bad000 	C:\Windows\system32\KERNEL32.DLL
0x00007ffdc1c90000 - 0x00007ffdc1e78000 	C:\Windows\system32\KERNELBASE.dll
0x00007ffdc2a50000 - 0x00007ffdc2af7000 	C:\Windows\system32\ADVAPI32.dll
0x00007ffdc2e70000 - 0x00007ffdc2f0d000 	C:\Windows\system32\msvcrt.dll
0x00007ffdc4a20000 - 0x00007ffdc4a7b000 	C:\Windows\system32\sechost.dll
0x00007ffdc3120000 - 0x00007ffdc323c000 	C:\Windows\system32\RPCRT4.dll
0x00007ffdc4bb0000 - 0x00007ffdc4d06000 	C:\Windows\system32\USER32.dll
0x00007ffdc28c0000 - 0x00007ffdc2a46000 	C:\Windows\system32\GDI32.dll
0x00007ffdb0e90000 - 0x00007ffdb1104000 	C:\Windows\WinSxS\amd64_microsoft.windows.common-controls_6595b64144ccf1df_6.0.10586.0_none_8c15ae12515e1c22\COMCTL32.dll
0x00007ffdc47a0000 - 0x00007ffdc4a1d000 	C:\Windows\system32\combase.dll
0x00007ffdc1a30000 - 0x00007ffdc1a9a000 	C:\Windows\system32\bcryptPrimitives.dll
0x00007ffdc2b00000 - 0x00007ffdc2b3b000 	C:\Windows\system32\IMM32.DLL
0x000000006c810000 - 0x000000006c8e2000 	C:\Program Files\Java\jdk1.8.0_73\jre\bin\msvcr100.dll
0x000000006c8f0000 - 0x000000006d180000 	C:\Program Files\Java\jdk1.8.0_73\jre\bin\server\jvm.dll
0x00007ffdc4af0000 - 0x00007ffdc4af8000 	C:\Windows\system32\PSAPI.DLL
0x00007ffdbf9a0000 - 0x00007ffdbf9a9000 	C:\Windows\SYSTEM32\WSOCK32.dll
0x00007ffdc2350000 - 0x00007ffdc23bb000 	C:\Windows\system32\WS2_32.dll
0x00007ffdbf970000 - 0x00007ffdbf993000 	C:\Windows\SYSTEM32\WINMM.dll
0x00007ffdbdad0000 - 0x00007ffdbdada000 	C:\Windows\SYSTEM32\VERSION.dll
0x00007ffdbf910000 - 0x00007ffdbf93c000 	C:\Windows\SYSTEM32\WINMMBASE.dll
0x00007ffdc1fc0000 - 0x00007ffdc2003000 	C:\Windows\system32\cfgmgr32.dll
0x000000006c7c0000 - 0x000000006c7cf000 	C:\Program Files\Java\jdk1.8.0_73\jre\bin\verify.dll
0x000000006c790000 - 0x000000006c7b9000 	C:\Program Files\Java\jdk1.8.0_73\jre\bin\java.dll
0x000000006c770000 - 0x000000006c786000 	C:\Program Files\Java\jdk1.8.0_73\jre\bin\zip.dll
0x00007ffdc3240000 - 0x00007ffdc479c000 	C:\Windows\system32\SHELL32.dll
0x00007ffdc13e0000 - 0x00007ffdc1a24000 	C:\Windows\system32\windows.storage.dll
0x00007ffdc2e10000 - 0x00007ffdc2e62000 	C:\Windows\system32\shlwapi.dll
0x00007ffdc1350000 - 0x00007ffdc135f000 	C:\Windows\system32\kernel.appcore.dll
0x00007ffdc2070000 - 0x00007ffdc2125000 	C:\Windows\system32\shcore.dll
0x00007ffdc1360000 - 0x00007ffdc13ab000 	C:\Windows\system32\powrprof.dll
0x00007ffdc13c0000 - 0x00007ffdc13d4000 	C:\Windows\system32\profapi.dll
0x000000006c590000 - 0x000000006c728000 	C:\Program Files\Java\jdk1.8.0_73\jre\bin\awt.dll
0x00007ffdc2130000 - 0x00007ffdc21f1000 	C:\Windows\system32\OLEAUT32.dll
0x00007ffdbfb40000 - 0x00007ffdbfbb9000 	C:\Windows\system32\apphelp.dll
0x00007ffdbe4d0000 - 0x00007ffdbe4f2000 	C:\Windows\system32\DWMAPI.DLL
0x00007ffdbfc20000 - 0x00007ffdbfcb6000 	C:\Windows\system32\uxtheme.dll
0x00007ffdc2fc0000 - 0x00007ffdc311a000 	C:\Windows\system32\MSCTF.dll
0x00007ffdc2200000 - 0x00007ffdc2343000 	C:\Windows\system32\ole32.dll
0x00007ffd9f310000 - 0x00007ffd9f520000 	C:\Windows\system32\d3d9.dll
0x00007ffdbdae0000 - 0x00007ffdbdc47000 	C:\Windows\SYSTEM32\aticfx64.dll
0x00007ffd9f2e0000 - 0x00007ffd9f301000 	C:\Windows\SYSTEM32\atiu9p64.dll
0x00007ffd9e590000 - 0x00007ffd9ede9000 	C:\Windows\SYSTEM32\atiumd64.dll
0x000000006d9b0000 - 0x000000006e238000 	C:\Windows\SYSTEM32\atiumd6a.dll
0x000000006c540000 - 0x000000006c587000 	C:\Program Files\Java\jdk1.8.0_73\jre\bin\fontmanager.dll
0x00007ffdc2f10000 - 0x00007ffdc2fb7000 	C:\Windows\system32\clbcatq.dll
0x00007ffdbdfb0000 - 0x00007ffdbe161000 	C:\Windows\SYSTEM32\WindowsCodecs.dll
0x00007ffdabaa0000 - 0x00007ffdabaea000 	C:\Windows\system32\dataexchange.dll
0x00007ffdbe220000 - 0x00007ffdbe4c8000 	C:\Windows\system32\d3d11.dll
0x00007ffdbf7f0000 - 0x00007ffdbf8d3000 	C:\Windows\system32\dcomp.dll
0x00007ffdbe170000 - 0x00007ffdbe212000 	C:\Windows\system32\dxgi.dll
0x00007ffdbfe70000 - 0x00007ffdbff70000 	C:\Windows\system32\twinapi.appcore.dll
0x00007ffdc1290000 - 0x00007ffdc12b9000 	C:\Windows\system32\bcrypt.dll
0x000000006c750000 - 0x000000006c76a000 	C:\Program Files\Java\jdk1.8.0_73\jre\bin\net.dll
0x00007ffdc0c20000 - 0x00007ffdc0c7c000 	C:\Windows\system32\mswsock.dll
0x000000006c730000 - 0x000000006c741000 	C:\Program Files\Java\jdk1.8.0_73\jre\bin\nio.dll
0x000000006c4f0000 - 0x000000006c532000 	C:\Program Files\Java\jdk1.8.0_73\jre\bin\t2k.dll
0x00007ffdbfdc0000 - 0x00007ffdbfe6a000 	C:\Windows\SYSTEM32\DNSAPI.dll
0x00007ffdc2e00000 - 0x00007ffdc2e08000 	C:\Windows\system32\NSI.dll
0x00007ffdb76c0000 - 0x00007ffdb76ca000 	C:\Windows\System32\rasadhlp.dll
0x00007ffdbc980000 - 0x00007ffdbc9b8000 	C:\Windows\SYSTEM32\IPHLPAPI.DLL
0x00007ffdbb000000 - 0x00007ffdbb067000 	C:\Windows\System32\fwpuclnt.dll
0x00007ffdbc380000 - 0x00007ffdbc3b2000 	C:\Users\jjime\Documents\GitHub\ProyectoDise-o2\ProyectoDise-o2\cppLibreriaBitacora.dll
0x00007ffdb6f50000 - 0x00007ffdb6f73000 	C:\Windows\SYSTEM32\VCRUNTIME140D.dll
0x00007ffda9880000 - 0x00007ffda9977000 	C:\Windows\SYSTEM32\MSVCP140D.dll
0x00007ffda0c10000 - 0x00007ffda0dcb000 	C:\Windows\SYSTEM32\ucrtbased.dll
0x00007ffdaa6c0000 - 0x00007ffdaa728000 	C:\Windows\SYSTEM32\mscoree.dll
0x00007ffdc0df0000 - 0x00007ffdc0dfb000 	C:\Windows\SYSTEM32\CRYPTBASE.DLL
0x00007ffdaa620000 - 0x00007ffdaa6b8000 	C:\Windows\Microsoft.NET\Framework64\v4.0.30319\mscoreei.dll
0x00007ffda9c90000 - 0x00007ffdaa620000 	C:\Windows\Microsoft.NET\Framework64\v4.0.30319\clr.dll
0x00007ffda9b90000 - 0x00007ffda9c87000 	C:\Windows\SYSTEM32\MSVCR120_CLR0400.dll
0x00007ffda2930000 - 0x00007ffda3df4000 	C:\Windows\assembly\NativeImages_v4.0.30319_64\mscorlib\43226440664fdfb99f9ad60968b2a60c\mscorlib.ni.dll
0x00007ffda9060000 - 0x00007ffda9165000 	C:\Windows\Microsoft.NET\Framework64\v4.0.30319\clrjit.dll
0x00007ffda20d0000 - 0x00007ffda21e7000 	C:\Windows\Microsoft.NET\Framework64\v4.0.30319\diasymreader.dll
0x00007ffdc0cd0000 - 0x00007ffdc0ce7000 	C:\Windows\SYSTEM32\CRYPTSP.dll
0x00007ffdc0960000 - 0x00007ffdc0994000 	C:\Windows\system32\rsaenh.dll
0x00007ffdb0400000 - 0x00007ffdb058c000 	C:\Windows\SYSTEM32\dbghelp.dll

VM Arguments:
jvm_args: -Dfile.encoding=UTF-8 
java_command: Main.Main
java_class_path (initial): C:\Users\jjime\Documents\GitHub\ProyectoDise-o2\ProyectoDise-o2\json-simple-1.1.1.jar;C:\Users\jjime\Documents\GitHub\ProyectoDise-o2\ProyectoDise-o2\build\classes
Launcher Type: SUN_STANDARD

Environment Variables:
PATH=C:\ProgramData\Oracle\Java\javapath;C:\Windows\system32;C:\Windows;C:\Windows\System32\Wbem;C:\Windows\System32\WindowsPowerShell\v1.0\;C:\Program Files (x86)\ATI Technologies\ATI.ACE\Core-Static;C:\Program Files (x86)\Skype\Phone\;C:\Windows\system32\config\systemprofile\.dnx\bin;C:\Program Files\Microsoft DNX\Dnvm\;C:\Program Files\Microsoft SQL Server\130\Tools\Binn\;C:\Program Files (x86)\Windows Kits\8.1\Windows Performance Toolkit\
USERNAME=jjime
OS=Windows_NT
PROCESSOR_IDENTIFIER=AMD64 Family 20 Model 1 Stepping 0, AuthenticAMD



---------------  S Y S T E M  ---------------

OS: Windows 10.0 , 64 bit Build 10586 (10.0.10586.0)

CPU:total 2 (2 cores per cpu, 1 threads per core) family 20 model 1 stepping 0, cmov, cx8, fxsr, mmx, sse, sse2, sse3, ssse3, popcnt, mmxext, lzcnt, sse4a, tsc, tscinvbit, tscinv

Memory: 4k page, physical 3775348k(1155236k free), swap 4430708k(1021084k free)

vm_info: Java HotSpot(TM) 64-Bit Server VM (25.73-b02) for windows-amd64 JRE (1.8.0_73-b02), built on Jan 29 2016 17:38:49 by "java_re" with MS VC++ 10.0 (VS2010)

time: Mon May 30 15:57:18 2016
elapsed time: 2340 seconds (0d 0h 39m 0s)

