#
# A fatal error has been detected by the Java Runtime Environment:
#
#  Internal Error (0xe0434352), pid=5652, tid=5168
#
# JRE version: Java(TM) SE Runtime Environment (8.0_73-b02) (build 1.8.0_73-b02)
# Java VM: Java HotSpot(TM) 64-Bit Server VM (25.73-b02 mixed mode windows-amd64 compressed oops)
# Problematic frame:
# C  [KERNELBASE.dll+0x71f28]
#
# Failed to write core dump. Minidumps are not enabled by default on client versions of Windows
#
# If you would like to submit a bug report, please visit:
#   http://bugreport.java.com/bugreport/crash.jsp
# The crash happened outside the Java Virtual Machine in native code.
# See problematic frame for where to report the bug.
#

---------------  T H R E A D  ---------------

Current thread (0x000000001661b800):  JavaThread "AWT-EventQueue-0" [_thread_in_native, id=5168, stack(0x0000000017ae0000,0x0000000017be0000)]

siginfo: ExceptionCode=0xe0434352, ExceptionInformation=0xffffffff80070020 0x0000000000000000 0x0000000000000000 0x0000000000000000 0x00007ffd3af80000 

Registers:
RAX=0x00007ffd00000000, RBX=0x0000000000000001, RCX=0x0000b70d031efe02, RDX=0x00007ffd3b659160
RSP=0x0000000017bdbcb0, RBP=0x0000000018e45208, RSI=0x0000000017bdbe28, RDI=0x0000000000000005
R8 =0x00007ffd3af80001, R9 =0x00007ffd3b66d4db, R10=0x0000000000000000, R11=0x00007ffd2cc9d50d
R12=0x0000000000004000, R13=0x0000000000000000, R14=0x00000000e0434352, R15=0x0000000000000000
RIP=0x00007ffd53571f28, EFLAGS=0x0000000000000202

Top of Stack: (sp=0x0000000017bdbcb0)
0x0000000017bdbcb0:   0000000000000000 0000000000000001
0x0000000017bdbcc0:   0000000017bdbe28 0000000000000005
0x0000000017bdbcd0:   00000001e0434352 0000000000000000
0x0000000017bdbce0:   00007ffd53571f28 0000000000000005
0x0000000017bdbcf0:   ffffffff80070020 0000000000000000
0x0000000017bdbd00:   0000000000000000 0000000000000000
0x0000000017bdbd10:   00007ffd3af80000 0000000017bdbd00
0x0000000017bdbd20:   fffffffffffffffe 0000000000581120
0x0000000017bdbd30:   fffffffffffffffe 00007ffd3b65a208
0x0000000017bdbd40:   0000b70d031efe02 00007ffd3b657e60
0x0000000017bdbd50:   ffffffffffffffff 00007ffd3b02eed8
0x0000000017bdbd60:   0000000000000000 0000000000587850
0x0000000017bdbd70:   0000ce44367d02fe 0000000000000001
0x0000000017bdbd80:   0000000000000005 00007ffd3b02eeb1
0x0000000017bdbd90:   0000000000000001 0000000017bdbd58
0x0000000017bdbda0:   0000000018e45328 0000000000000061 

Instructions: (pc=0x00007ffd53571f28)
0x00007ffd53571f08:   49 8b d1 44 0f 47 c0 44 89 44 24 38 49 c1 e0 03
0x00007ffd53571f18:   e8 27 b2 00 00 48 8d 4c 24 20 ff 15 c8 a7 05 00
0x00007ffd53571f28:   48 8b 8c 24 c0 00 00 00 48 33 cc e8 98 7a 00 00
0x00007ffd53571f38:   48 81 c4 d8 00 00 00 c3 83 64 24 38 00 eb d6 cc 


Register to memory mapping:

RAX=0x00007ffd00000000 is an unknown value
RBX=0x0000000000000001 is an unknown value
RCX=0x0000b70d031efe02 is an unknown value
RDX=0x00007ffd3b659160 is an unknown value
RSP=0x0000000017bdbcb0 is pointing into the stack for thread: 0x000000001661b800
RBP=0x0000000018e45208 is an unknown value
RSI=0x0000000017bdbe28 is pointing into the stack for thread: 0x000000001661b800
RDI=0x0000000000000005 is an unknown value
R8 =0x00007ffd3af80001 is an unknown value
R9 =0x00007ffd3b66d4db is an unknown value
R10=0x0000000000000000 is an unknown value
R11=0x00007ffd2cc9d50d is an unknown value
R12=0x0000000000004000 is an unknown value
R13=0x0000000000000000 is an unknown value
R14=0x00000000e0434352 is an unallocated location in the heap
R15=0x0000000000000000 is an unknown value


Stack: [0x0000000017ae0000,0x0000000017be0000],  sp=0x0000000017bdbcb0,  free space=1007k
Native frames: (J=compiled Java code, j=interpreted, Vv=VM code, C=native code)
C  [KERNELBASE.dll+0x71f28]
C  [clr.dll+0xaeeb1]
C  [clr.dll+0xaecb0]
C  [mscorlib.ni.dll+0x446bff]
C  [mscorlib.ni.dll+0x53e716]
C  [mscorlib.ni.dll+0x496de4]
C  [mscorlib.ni.dll+0x4623f6]
C  [mscorlib.ni.dll+0x462347]
C  [mscorlib.ni.dll+0xd615e7]
C  [mscorlib.ni.dll+0xcd93b2]
C  0x00007ffcdb954be2

Java frames: (J=compiled Java code, j=interpreted, Vv=VM code)
j  Controlador.AbstractControlador.escribir(Ljava/lang/String;Ljava/lang/String;Ljava/lang/String;Ljava/lang/String;Ljava/lang/String;Ljava/lang/String;)V+0
j  Controlador.AbstractControlador.actualizarBitacora(LDTOSistemaAmortizacion/DtoSistema;)V+39
j  Controlador.AbstractControlador.crearSistemaAhorro(LDTOSistemaAmortizacion/DtoSistema;)V+69
j  Vistas.GUI.btnGenerarActionPerformed(Ljava/awt/event/ActionEvent;)V+271
j  Vistas.GUI.access$000(LVistas/GUI;Ljava/awt/event/ActionEvent;)V+2
j  Vistas.GUI$1.actionPerformed(Ljava/awt/event/ActionEvent;)V+5
j  javax.swing.AbstractButton.fireActionPerformed(Ljava/awt/event/ActionEvent;)V+83
j  javax.swing.AbstractButton$Handler.actionPerformed(Ljava/awt/event/ActionEvent;)V+5
j  javax.swing.DefaultButtonModel.fireActionPerformed(Ljava/awt/event/ActionEvent;)V+34
j  javax.swing.DefaultButtonModel.setPressed(Z)V+117
j  javax.swing.plaf.basic.BasicButtonListener.mouseReleased(Ljava/awt/event/MouseEvent;)V+35
j  java.awt.Component.processMouseEvent(Ljava/awt/event/MouseEvent;)V+64
j  javax.swing.JComponent.processMouseEvent(Ljava/awt/event/MouseEvent;)V+23
J 1014 C1 java.awt.Component.processEvent(Ljava/awt/AWTEvent;)V (220 bytes) @ 0x00000000026676e4 [0x00000000026671c0+0x524]
J 1013 C1 java.awt.Container.processEvent(Ljava/awt/AWTEvent;)V (22 bytes) @ 0x00000000026650cc [0x0000000002664da0+0x32c]
J 788 C1 java.awt.Component.dispatchEventImpl(Ljava/awt/AWTEvent;)V (883 bytes) @ 0x00000000025b007c [0x00000000025aab80+0x54fc]
J 848 C1 java.awt.Container.dispatchEventImpl(Ljava/awt/AWTEvent;)V (129 bytes) @ 0x00000000025f6d04 [0x00000000025f6bc0+0x144]
J 1025 C1 java.awt.LightweightDispatcher.retargetMouseEvent(Ljava/awt/Component;ILjava/awt/event/MouseEvent;)V (350 bytes) @ 0x000000000267269c [0x0000000002670140+0x255c]
J 911 C1 java.awt.LightweightDispatcher.processMouseEvent(Ljava/awt/event/MouseEvent;)Z (286 bytes) @ 0x000000000262f72c [0x000000000262e000+0x172c]
J 1009 C1 java.awt.LightweightDispatcher.dispatchEvent(Ljava/awt/AWTEvent;)Z (73 bytes) @ 0x000000000266677c [0x0000000002666340+0x43c]
J 848 C1 java.awt.Container.dispatchEventImpl(Ljava/awt/AWTEvent;)V (129 bytes) @ 0x00000000025f6ca4 [0x00000000025f6bc0+0xe4]
J 856 C1 java.awt.Window.dispatchEventImpl(Ljava/awt/AWTEvent;)V (23 bytes) @ 0x00000000025ff4e4 [0x00000000025fef00+0x5e4]
J 842 C1 java.awt.EventQueue.dispatchEventImpl(Ljava/awt/AWTEvent;Ljava/lang/Object;)V (149 bytes) @ 0x00000000025d18fc [0x00000000025d00c0+0x183c]
J 840 C1 java.awt.EventQueue$3.run()Ljava/lang/Void; (60 bytes) @ 0x00000000025cf4cc [0x00000000025cf2c0+0x20c]
J 742 C1 java.awt.EventQueue$3.run()Ljava/lang/Object; (5 bytes) @ 0x0000000002590b0c [0x0000000002590a80+0x8c]
v  ~StubRoutines::call_stub
J 604  java.security.AccessController.doPrivileged(Ljava/security/PrivilegedAction;Ljava/security/AccessControlContext;)Ljava/lang/Object; (0 bytes) @ 0x000000000253cc26 [0x000000000253cbc0+0x66]
J 838 C1 java.awt.EventQueue$4.run()Ljava/lang/Object; (5 bytes) @ 0x00000000025cddec [0x00000000025cd9c0+0x42c]
v  ~StubRoutines::call_stub
J 604  java.security.AccessController.doPrivileged(Ljava/security/PrivilegedAction;Ljava/security/AccessControlContext;)Ljava/lang/Object; (0 bytes) @ 0x000000000253cc26 [0x000000000253cbc0+0x66]
J 749 C1 java.awt.EventQueue.dispatchEvent(Ljava/awt/AWTEvent;)V (80 bytes) @ 0x0000000002595e94 [0x0000000002595040+0xe54]
J 676 C1 java.awt.EventDispatchThread.pumpOneEventForFilters(I)V (295 bytes) @ 0x0000000002564e74 [0x00000000025631c0+0x1cb4]
j  java.awt.EventDispatchThread.pumpEventsForFilter(ILjava/awt/Conditional;Ljava/awt/EventFilter;)V+35
j  java.awt.EventDispatchThread.pumpEventsForHierarchy(ILjava/awt/Conditional;Ljava/awt/Component;)V+11
j  java.awt.EventDispatchThread.pumpEvents(ILjava/awt/Conditional;)V+4
j  java.awt.EventDispatchThread.pumpEvents(Ljava/awt/Conditional;)V+3
j  java.awt.EventDispatchThread.run()V+9
v  ~StubRoutines::call_stub

---------------  P R O C E S S  ---------------

Java Threads: ( => current thread )
  0x0000000016a3b800 JavaThread "TimerQueue" daemon [_thread_blocked, id=7804, stack(0x0000000018760000,0x0000000018860000)]
  0x00000000021f0800 JavaThread "DestroyJavaVM" [_thread_blocked, id=7560, stack(0x00000000020f0000,0x00000000021f0000)]
=>0x000000001661b800 JavaThread "AWT-EventQueue-0" [_thread_in_native, id=5168, stack(0x0000000017ae0000,0x0000000017be0000)]
  0x0000000016963000 JavaThread "AWT-Windows" daemon [_thread_in_native, id=1168, stack(0x00000000173a0000,0x00000000174a0000)]
  0x0000000016962800 JavaThread "AWT-Shutdown" [_thread_blocked, id=7268, stack(0x00000000172a0000,0x00000000173a0000)]
  0x00000000165ee800 JavaThread "Java2D Disposer" daemon [_thread_blocked, id=5760, stack(0x0000000017120000,0x0000000017220000)]
  0x000000001491d800 JavaThread "Service Thread" daemon [_thread_blocked, id=7760, stack(0x0000000016620000,0x0000000016720000)]
  0x00000000148c0800 JavaThread "C1 CompilerThread2" daemon [_thread_blocked, id=7764, stack(0x0000000016120000,0x0000000016220000)]
  0x00000000148bf000 JavaThread "C2 CompilerThread1" daemon [_thread_blocked, id=7768, stack(0x0000000016020000,0x0000000016120000)]
  0x00000000148ca000 JavaThread "C2 CompilerThread0" daemon [_thread_blocked, id=7444, stack(0x0000000015f20000,0x0000000016020000)]
  0x00000000148c8000 JavaThread "Attach Listener" daemon [_thread_blocked, id=8440, stack(0x0000000015e20000,0x0000000015f20000)]
  0x00000000148c7000 JavaThread "Signal Dispatcher" daemon [_thread_blocked, id=7656, stack(0x0000000015d20000,0x0000000015e20000)]
  0x00000000022e7000 JavaThread "Finalizer" daemon [_thread_blocked, id=7976, stack(0x0000000015b20000,0x0000000015c20000)]
  0x00000000022de000 JavaThread "Reference Handler" daemon [_thread_blocked, id=6128, stack(0x0000000015a20000,0x0000000015b20000)]

Other Threads:
  0x0000000014887800 VMThread [stack: 0x0000000015920000,0x0000000015a20000] [id=8388]
  0x000000001625e000 WatcherThread [stack: 0x0000000016720000,0x0000000016820000] [id=7484]

VM state:not at safepoint (normal execution)

VM Mutex/Monitor currently owned by a thread: None

Heap:
 PSYoungGen      total 18944K, used 12205K [0x00000000eb400000, 0x00000000ec900000, 0x0000000100000000)
  eden space 16384K, 74% used [0x00000000eb400000,0x00000000ebfeb6d8,0x00000000ec400000)
  from space 2560K, 0% used [0x00000000ec680000,0x00000000ec680000,0x00000000ec900000)
  to   space 2560K, 0% used [0x00000000ec400000,0x00000000ec400000,0x00000000ec680000)
 ParOldGen       total 44032K, used 0K [0x00000000c1c00000, 0x00000000c4700000, 0x00000000eb400000)
  object space 44032K, 0% used [0x00000000c1c00000,0x00000000c1c00000,0x00000000c4700000)
 Metaspace       used 12364K, capacity 12608K, committed 12672K, reserved 1060864K
  class space    used 1543K, capacity 1614K, committed 1664K, reserved 1048576K

Card table byte_map: [0x00000000116b0000,0x00000000118b0000] byte_map_base: 0x00000000110a2000

Marking Bits: (ParMarkBitMap*) 0x0000000074230600
 Begin Bits: [0x0000000011e00000, 0x0000000012d90000)
 End Bits:   [0x0000000012d90000, 0x0000000013d20000)

Polling page: 0x0000000001f00000

CodeCache: size=245760Kb used=4408Kb max_used=4408Kb free=241351Kb
 bounds [0x00000000022f0000, 0x0000000002750000, 0x00000000112f0000]
 total_blobs=1816 nmethods=1330 adapters=397
 compilation: enabled

Compilation events (10 events):
Event: 128.267 Thread 0x00000000148c0800 1336       3       java.util.regex.ASCII::isType (15 bytes)
Event: 128.267 Thread 0x00000000148c0800 nmethod 1336 0x000000000273f3d0 code [0x000000000273f540, 0x000000000273f7b0]
Event: 128.267 Thread 0x00000000148c0800 1338       3       java.util.regex.Pattern$Curly::match (86 bytes)
Event: 128.268 Thread 0x00000000148c0800 nmethod 1338 0x000000000273f8d0 code [0x000000000273fa80, 0x0000000002740078]
Event: 128.268 Thread 0x00000000148c0800 1337       3       java.util.regex.ASCII::getType (17 bytes)
Event: 128.268 Thread 0x00000000148c0800 nmethod 1337 0x000000000273c050 code [0x000000000273c1c0, 0x000000000273c390]
Event: 128.268 Thread 0x00000000148c0800 1333       3       java.util.regex.Matcher::getTextLength (10 bytes)
Event: 128.268 Thread 0x00000000148c0800 nmethod 1333 0x0000000002740210 code [0x0000000002740380, 0x00000000027405a8]
Event: 128.268 Thread 0x00000000148c0800 1339       1       java.util.Formatter::access$000 (5 bytes)
Event: 128.268 Thread 0x00000000148c0800 nmethod 1339 0x0000000002730c50 code [0x0000000002730da0, 0x0000000002730e90]

GC Heap History (0 events):
No events

Deoptimization events (5 events):
Event: 0.619 Thread 0x00000000021f0800 Uncommon trap: reason=class_check action=maybe_recompile pc=0x00000000024686e8 method=java.lang.String.equals(Ljava/lang/Object;)Z @ 8
Event: 0.620 Thread 0x00000000021f0800 Uncommon trap: reason=class_check action=maybe_recompile pc=0x00000000024686e8 method=java.lang.String.equals(Ljava/lang/Object;)Z @ 8
Event: 0.620 Thread 0x00000000021f0800 Uncommon trap: reason=class_check action=maybe_recompile pc=0x00000000024686e8 method=java.lang.String.equals(Ljava/lang/Object;)Z @ 8
Event: 0.625 Thread 0x00000000021f0800 Uncommon trap: reason=class_check action=maybe_recompile pc=0x00000000024686e8 method=java.lang.String.equals(Ljava/lang/Object;)Z @ 8
Event: 56.844 Thread 0x000000001661b800 Uncommon trap: reason=unstable_if action=reinterpret pc=0x00000000026cba88 method=java.awt.EventQueue.postEvent(Ljava/awt/AWTEvent;I)V @ 6

Internal exceptions (10 events):
Event: 0.047 Thread 0x00000000021f0800 Exception <a 'java/lang/NoSuchMethodError': Method sun.misc.Unsafe.defineClass(Ljava/lang/String;[BII)Ljava/lang/Class; name or signature does not match> (0x00000000eb40d208) thrown at [D:\re\puppet\workspace\8-2-build-windows-amd64-cygwin\jdk8u73\6086\hotE\η~=¨?
Event: 0.047 Thread 0x00000000021f0800 Exception <a 'java/lang/NoSuchMethodError': Method sun.misc.Unsafe.prefetchRead(Ljava/lang/Object;J)V name or signature does not match> (0x00000000eb40d4f0) thrown at [D:\re\puppet\workspace\8-2-build-windows-amd64-cygwin\jdk8u73\6086\hotspot\src\share\vm\+ΠRοσ®Β?
Event: 0.146 Thread 0x00000000021f0800 Exception <a 'java/security/PrivilegedActionException'> (0x00000000eb4ea610) thrown at [D:\re\puppet\workspace\8-2-build-windows-amd64-cygwin\jdk8u73\6086\hotspot\src\share\vm\prims\jvm.cpp, line 1386]
Event: 0.146 Thread 0x00000000021f0800 Exception <a 'java/security/PrivilegedActionException'> (0x00000000eb4ea820) thrown at [D:\re\puppet\workspace\8-2-build-windows-amd64-cygwin\jdk8u73\6086\hotspot\src\share\vm\prims\jvm.cpp, line 1386]
Event: 0.147 Thread 0x00000000021f0800 Exception <a 'java/security/PrivilegedActionException'> (0x00000000eb4ee668) thrown at [D:\re\puppet\workspace\8-2-build-windows-amd64-cygwin\jdk8u73\6086\hotspot\src\share\vm\prims\jvm.cpp, line 1386]
Event: 0.147 Thread 0x00000000021f0800 Exception <a 'java/security/PrivilegedActionException'> (0x00000000eb4ee878) thrown at [D:\re\puppet\workspace\8-2-build-windows-amd64-cygwin\jdk8u73\6086\hotspot\src\share\vm\prims\jvm.cpp, line 1386]
Event: 0.154 Thread 0x00000000021f0800 Exception <a 'java/io/FileNotFoundException'> (0x00000000eb4f46d0) thrown at [D:\re\puppet\workspace\8-2-build-windows-amd64-cygwin\jdk8u73\6086\hotspot\src\share\vm\prims\jni.cpp, line 709]
Event: 0.216 Thread 0x00000000021f0800 Exception <a 'java/lang/NoSuchFieldError': method resolution failed> (0x00000000eb614088) thrown at [D:\re\puppet\workspace\8-2-build-windows-amd64-cygwin\jdk8u73\6086\hotspot\src\share\vm\prims\methodHandles.cpp, line 1146]
Event: 0.219 Thread 0x00000000021f0800 Exception <a 'java/lang/NoSuchFieldError': method resolution failed> (0x00000000eb6213d8) thrown at [D:\re\puppet\workspace\8-2-build-windows-amd64-cygwin\jdk8u73\6086\hotspot\src\share\vm\prims\methodHandles.cpp, line 1146]
Event: 0.303 Thread 0x00000000021f0800 Exception <a 'java/io/FileNotFoundException'> (0x00000000eb6bd188) thrown at [D:\re\puppet\workspace\8-2-build-windows-amd64-cygwin\jdk8u73\6086\hotspot\src\share\vm\prims\jni.cpp, line 709]

Events (10 events):
Event: 116.028 Thread 0x00000000148c0800 flushing nmethod 0x00000000023fb8d0
Event: 116.028 Thread 0x00000000148c0800 flushing nmethod 0x00000000023fbd90
Event: 116.028 Thread 0x00000000148c0800 flushing nmethod 0x00000000023ff850
Event: 116.028 Thread 0x00000000148c0800 flushing nmethod 0x0000000002404350
Event: 116.028 Thread 0x00000000148c0800 flushing nmethod 0x0000000002416350
Event: 116.418 loading class javax/swing/text/GapContent$RemoveUndo
Event: 116.418 loading class javax/swing/text/GapContent$RemoveUndo done
Event: 116.418 loading class javax/swing/text/GapContent$UndoPosRef
Event: 116.418 loading class javax/swing/text/GapContent$UndoPosRef done
Event: 116.425 Thread 0x00000000148c0800 flushing nmethod 0x0000000002475e50


Dynamic libraries:
0x00007ff694ba0000 - 0x00007ff694bd7000 	C:\Program Files\Java\jdk1.8.0_73\bin\java.exe
0x00007ffd562f0000 - 0x00007ffd564b1000 	C:\WINDOWS\SYSTEM32\ntdll.dll
0x00007ffd54610000 - 0x00007ffd546bd000 	C:\WINDOWS\system32\KERNEL32.DLL
0x00007ffd53500000 - 0x00007ffd536e8000 	C:\WINDOWS\system32\KERNELBASE.dll
0x00007ffd54720000 - 0x00007ffd547c7000 	C:\WINDOWS\system32\ADVAPI32.dll
0x00007ffd54360000 - 0x00007ffd543fd000 	C:\WINDOWS\system32\msvcrt.dll
0x00007ffd53800000 - 0x00007ffd5385b000 	C:\WINDOWS\system32\sechost.dll
0x00007ffd55fc0000 - 0x00007ffd560dc000 	C:\WINDOWS\system32\RPCRT4.dll
0x00007ffd56190000 - 0x00007ffd562e6000 	C:\WINDOWS\system32\USER32.dll
0x00007ffd54480000 - 0x00007ffd54606000 	C:\WINDOWS\system32\GDI32.dll
0x00007ffd451e0000 - 0x00007ffd45454000 	C:\WINDOWS\WinSxS\amd64_microsoft.windows.common-controls_6595b64144ccf1df_6.0.10586.0_none_8c15ae12515e1c22\COMCTL32.dll
0x00007ffd53870000 - 0x00007ffd53aed000 	C:\WINDOWS\system32\combase.dll
0x00007ffd53250000 - 0x00007ffd532ba000 	C:\WINDOWS\system32\bcryptPrimitives.dll
0x00007ffd54a00000 - 0x00007ffd54a3b000 	C:\WINDOWS\system32\IMM32.DLL
0x0000000073940000 - 0x0000000073a12000 	C:\Program Files\Java\jdk1.8.0_73\jre\bin\msvcr100.dll
0x0000000073a20000 - 0x00000000742b0000 	C:\Program Files\Java\jdk1.8.0_73\jre\bin\server\jvm.dll
0x00007ffd53860000 - 0x00007ffd53868000 	C:\WINDOWS\system32\PSAPI.DLL
0x00007ffd4c840000 - 0x00007ffd4c849000 	C:\WINDOWS\SYSTEM32\WSOCK32.dll
0x00007ffd513f0000 - 0x00007ffd51413000 	C:\WINDOWS\SYSTEM32\WINMM.dll
0x00007ffd48a00000 - 0x00007ffd48a0a000 	C:\WINDOWS\SYSTEM32\VERSION.dll
0x00007ffd4f640000 - 0x00007ffd4f66c000 	C:\WINDOWS\SYSTEM32\WINMMBASE.dll
0x00007ffd532e0000 - 0x00007ffd53323000 	C:\WINDOWS\system32\cfgmgr32.dll
0x00007ffd54830000 - 0x00007ffd5489b000 	C:\WINDOWS\system32\WS2_32.dll
0x00000000738f0000 - 0x00000000738ff000 	C:\Program Files\Java\jdk1.8.0_73\jre\bin\verify.dll
0x00000000738c0000 - 0x00000000738e9000 	C:\Program Files\Java\jdk1.8.0_73\jre\bin\java.dll
0x00000000738a0000 - 0x00000000738b6000 	C:\Program Files\Java\jdk1.8.0_73\jre\bin\zip.dll
0x00007ffd54a40000 - 0x00007ffd55f9c000 	C:\WINDOWS\system32\SHELL32.dll
0x00007ffd52c00000 - 0x00007ffd53245000 	C:\WINDOWS\system32\windows.storage.dll
0x00007ffd54420000 - 0x00007ffd54472000 	C:\WINDOWS\system32\shlwapi.dll
0x00007ffd52910000 - 0x00007ffd5291f000 	C:\WINDOWS\system32\kernel.appcore.dll
0x00007ffd53330000 - 0x00007ffd533e5000 	C:\WINDOWS\system32\shcore.dll
0x00007ffd52950000 - 0x00007ffd5299b000 	C:\WINDOWS\system32\powrprof.dll
0x00007ffd52930000 - 0x00007ffd52944000 	C:\WINDOWS\system32\profapi.dll
0x00000000736c0000 - 0x0000000073858000 	C:\Program Files\Java\jdk1.8.0_73\jre\bin\awt.dll
0x00007ffd54220000 - 0x00007ffd542e1000 	C:\WINDOWS\system32\OLEAUT32.dll
0x00007ffd51130000 - 0x00007ffd511a9000 	C:\WINDOWS\system32\apphelp.dll
0x00007ffd4c1b0000 - 0x00007ffd4c1d2000 	C:\WINDOWS\system32\DWMAPI.DLL
0x00007ffd51570000 - 0x00007ffd51606000 	C:\WINDOWS\system32\uxtheme.dll
0x00007ffd548a0000 - 0x00007ffd549fa000 	C:\WINDOWS\system32\MSCTF.dll
0x00007ffd53af0000 - 0x00007ffd53c33000 	C:\WINDOWS\system32\ole32.dll
0x0000000073670000 - 0x00000000736b7000 	C:\Program Files\Java\jdk1.8.0_73\jre\bin\fontmanager.dll
0x00007ffd560e0000 - 0x00007ffd56187000 	C:\WINDOWS\system32\clbcatq.dll
0x00007ffd4ba10000 - 0x00007ffd4bbc1000 	C:\WINDOWS\SYSTEM32\WindowsCodecs.dll
0x00007ffd40b90000 - 0x00007ffd40bda000 	C:\WINDOWS\system32\dataexchange.dll
0x00007ffd4bf00000 - 0x00007ffd4c1a8000 	C:\WINDOWS\system32\d3d11.dll
0x00007ffd51010000 - 0x00007ffd510f3000 	C:\WINDOWS\system32\dcomp.dll
0x00007ffd4bbd0000 - 0x00007ffd4bc73000 	C:\WINDOWS\system32\dxgi.dll
0x00007ffd51260000 - 0x00007ffd51360000 	C:\WINDOWS\system32\twinapi.appcore.dll
0x00007ffd52840000 - 0x00007ffd52869000 	C:\WINDOWS\system32\bcrypt.dll
0x0000000073880000 - 0x000000007389a000 	C:\Program Files\Java\jdk1.8.0_73\jre\bin\net.dll
0x00007ffd521e0000 - 0x00007ffd5223c000 	C:\WINDOWS\system32\mswsock.dll
0x0000000073860000 - 0x0000000073871000 	C:\Program Files\Java\jdk1.8.0_73\jre\bin\nio.dll
0x0000000073620000 - 0x0000000073662000 	C:\Program Files\Java\jdk1.8.0_73\jre\bin\t2k.dll
0x00007ffd37fa0000 - 0x00007ffd37fd2000 	C:\Users\jjime\Documents\GitHub\ProyectoDise-o2\ProyectoDise-o2\cppLibreriaBitacora.dll
0x00007ffd37f70000 - 0x00007ffd37f93000 	C:\WINDOWS\SYSTEM32\VCRUNTIME140D.dll
0x00007ffd31130000 - 0x00007ffd31227000 	C:\WINDOWS\SYSTEM32\MSVCP140D.dll
0x00007ffd30970000 - 0x00007ffd30b2b000 	C:\WINDOWS\SYSTEM32\ucrtbased.dll
0x00007ffd40cb0000 - 0x00007ffd40d18000 	C:\WINDOWS\SYSTEM32\mscoree.dll
0x00007ffd523b0000 - 0x00007ffd523bb000 	C:\WINDOWS\SYSTEM32\CRYPTBASE.DLL
0x00007ffd40c10000 - 0x00007ffd40ca8000 	C:\Windows\Microsoft.NET\Framework64\v4.0.30319\mscoreei.dll
0x00007ffd3af80000 - 0x00007ffd3b910000 	C:\Windows\Microsoft.NET\Framework64\v4.0.30319\clr.dll
0x00007ffd3ae80000 - 0x00007ffd3af77000 	C:\WINDOWS\SYSTEM32\MSVCR120_CLR0400.dll
0x00007ffd2c5e0000 - 0x00007ffd2daa4000 	C:\WINDOWS\assembly\NativeImages_v4.0.30319_64\mscorlib\2c5440b166ece2da7d6cc4031a72127c\mscorlib.ni.dll
0x00007ffd30860000 - 0x00007ffd30965000 	C:\Windows\Microsoft.NET\Framework64\v4.0.30319\clrjit.dll
0x00007ffd2c4c0000 - 0x00007ffd2c5d7000 	C:\Windows\Microsoft.NET\Framework64\v4.0.30319\diasymreader.dll
0x00007ffd2b8f0000 - 0x00007ffd2c4c0000 	C:\WINDOWS\assembly\NativeImages_v4.0.30319_64\System\c8cc15551e0d7f24a438dc13744f7113\System.ni.dll
0x00007ffd2b050000 - 0x00007ffd2b8e2000 	C:\WINDOWS\assembly\NativeImages_v4.0.30319_64\System.Xml\feae4ec2ac506cb2f089c5aa0c2a0751\System.Xml.ni.dll
0x00007ffd30500000 - 0x00007ffd3068c000 	C:\WINDOWS\SYSTEM32\dbghelp.dll

VM Arguments:
jvm_args: -Dfile.encoding=UTF-8 
java_command: Main
java_class_path (initial): C:\Users\jjime\Documents\GitHub\ProyectoDise-o2\ProyectoDise-o2\json-simple-1.1.1.jar;C:\Users\jjime\Documents\GitHub\ProyectoDise-o2\ProyectoDise-o2\build\classes
Launcher Type: SUN_STANDARD

Environment Variables:
PATH=C:\ProgramData\Oracle\Java\javapath;C:\WINDOWS\system32;C:\WINDOWS;C:\WINDOWS\System32\Wbem;C:\WINDOWS\System32\WindowsPowerShell\v1.0\;C:\WINDOWS\system32\config\systemprofile\.dnx\bin;C:\Program Files\Microsoft DNX\Dnvm\;C:\Program Files\Microsoft SQL Server\130\Tools\Binn\;C:\Program Files (x86)\Windows Kits\8.1\Windows Performance Toolkit\
USERNAME=jjime
OS=Windows_NT
PROCESSOR_IDENTIFIER=Intel64 Family 6 Model 58 Stepping 9, GenuineIntel



---------------  S Y S T E M  ---------------

OS: Windows 10.0 , 64 bit Build 10586 (10.0.10586.0)

CPU:total 4 (2 cores per cpu, 2 threads per core) family 6 model 58 stepping 9, cmov, cx8, fxsr, mmx, sse, sse2, sse3, ssse3, sse4.1, sse4.2, popcnt, avx, clmul, erms, ht, tsc, tscinvbit, tscinv

Memory: 4k page, physical 4074720k(863916k free), swap 4739924k(858404k free)

vm_info: Java HotSpot(TM) 64-Bit Server VM (25.73-b02) for windows-amd64 JRE (1.8.0_73-b02), built on Jan 29 2016 17:38:49 by "java_re" with MS VC++ 10.0 (VS2010)

time: Mon May 23 21:14:55 2016
elapsed time: 128 seconds (0d 0h 2m 8s)

