#
# A fatal error has been detected by the Java Runtime Environment:
#
#  Internal Error (0xe0434352), pid=6492, tid=5980
#
# JRE version: Java(TM) SE Runtime Environment (8.0_73-b02) (build 1.8.0_73-b02)
# Java VM: Java HotSpot(TM) 64-Bit Server VM (25.73-b02 mixed mode windows-amd64 compressed oops)
# Problematic frame:
# C  [KERNELBASE.dll+0x71f28]
#
# Failed to write core dump. Minidumps are not enabled by default on client versions of Windows
#
# If you would like to submit a bug report, please visit:
#   http://bugreport.java.com/bugreport/crash.jsp
# The crash happened outside the Java Virtual Machine in native code.
# See problematic frame for where to report the bug.
#

---------------  T H R E A D  ---------------

Current thread (0x000000001670a000):  JavaThread "AWT-EventQueue-0" [_thread_in_native, id=5980, stack(0x0000000017b80000,0x0000000017c80000)]

siginfo: ExceptionCode=0xe0434352, ExceptionInformation=0xffffffff8002000e 0x0000000000000000 0x0000000000000000 0x0000000000000000 0x00007ff992a10000 

Registers:
RAX=0x00007ff992a13b35, RBX=0x0000000000000001, RCX=0x0000000017c7b720, RDX=0x0000000019f0b3e8
RSP=0x0000000017c7bce0, RBP=0x0000000000000000, RSI=0x0000000017c7be58, RDI=0x0000000000000005
R8 =0x00007ff992a2ad01, R9 =0x0000000000000001, R10=0x0000000017c7b860, R11=0x0000000017c7b9f8
R12=0x0000000000004000, R13=0x0000000000000000, R14=0x00000000e0434352, R15=0x0000000019f0b2a0
RIP=0x00007ff9a8bf1f28, EFLAGS=0x0000000000000206

Top of Stack: (sp=0x0000000017c7bce0)
0x0000000017c7bce0:   0000000000000000 0000000000000001
0x0000000017c7bcf0:   0000000017c7be58 0000000000000005
0x0000000017c7bd00:   00000001e0434352 0000000000000000
0x0000000017c7bd10:   00007ff9a8bf1f28 0000000000000005
0x0000000017c7bd20:   ffffffff8002000e 0000000000000000
0x0000000017c7bd30:   0000000000000000 0000000000000000
0x0000000017c7bd40:   00007ff992a10000 0000000000000000
0x0000000017c7bd50:   fffffffffffffffe 0000000017c7bdd8
0x0000000017c7bd60:   0000000000000001 00000000006b14a8
0x0000000017c7bd70:   000030216b2417b7 00007ff9930e8ea8
0x0000000017c7bd80:   0000000000677600 00007ff992abeed8
0x0000000017c7bd90:   0000000000000000 0000000000677600
0x0000000017c7bda0:   00007b9f2512de44 0000000000000001
0x0000000017c7bdb0:   0000000000000005 00007ff992abeeb1
0x0000000017c7bdc0:   0000000000000001 0000000017c7bd88
0x0000000017c7bdd0:   0000000019f0b348 00007ff9930e9160 

Instructions: (pc=0x00007ff9a8bf1f28)
0x00007ff9a8bf1f08:   49 8b d1 44 0f 47 c0 44 89 44 24 38 49 c1 e0 03
0x00007ff9a8bf1f18:   e8 27 b2 00 00 48 8d 4c 24 20 ff 15 c8 a7 05 00
0x00007ff9a8bf1f28:   48 8b 8c 24 c0 00 00 00 48 33 cc e8 98 7a 00 00
0x00007ff9a8bf1f38:   48 81 c4 d8 00 00 00 c3 83 64 24 38 00 eb d6 cc 


Register to memory mapping:

RAX=0x00007ff992a13b35 is an unknown value
RBX=0x0000000000000001 is an unknown value
RCX=0x0000000017c7b720 is pointing into the stack for thread: 0x000000001670a000
RDX=0x0000000019f0b3e8 is an unknown value
RSP=0x0000000017c7bce0 is pointing into the stack for thread: 0x000000001670a000
RBP=0x0000000000000000 is an unknown value
RSI=0x0000000017c7be58 is pointing into the stack for thread: 0x000000001670a000
RDI=0x0000000000000005 is an unknown value
R8 =0x00007ff992a2ad01 is an unknown value
R9 =0x0000000000000001 is an unknown value
R10=0x0000000017c7b860 is pointing into the stack for thread: 0x000000001670a000
R11=0x0000000017c7b9f8 is pointing into the stack for thread: 0x000000001670a000
R12=0x0000000000004000 is an unknown value
R13=0x0000000000000000 is an unknown value
R14=0x00000000e0434352 is an unallocated location in the heap
R15=0x0000000019f0b2a0 is an unknown value


Stack: [0x0000000017b80000,0x0000000017c80000],  sp=0x0000000017c7bce0,  free space=1007k
Native frames: (J=compiled Java code, j=interpreted, Vv=VM code, C=native code)

Java frames: (J=compiled Java code, j=interpreted, Vv=VM code)
j  Controlador.AbstractControlador.escribir(Ljava/lang/String;Ljava/lang/String;Ljava/lang/String;Ljava/lang/String;Ljava/lang/String;Ljava/lang/String;)V+0
j  Controlador.AbstractControlador.actualizarBitacora(LDTOSistemaAmortizacion/DtoSistema;)V+39
j  Controlador.AbstractControlador.crearSistemaAhorro(LDTOSistemaAmortizacion/DtoSistema;)V+70
j  Vistas.GUI.btnGenerarActionPerformed(Ljava/awt/event/ActionEvent;)V+271
j  Vistas.GUI.access$000(LVistas/GUI;Ljava/awt/event/ActionEvent;)V+2
j  Vistas.GUI$1.actionPerformed(Ljava/awt/event/ActionEvent;)V+5
j  javax.swing.AbstractButton.fireActionPerformed(Ljava/awt/event/ActionEvent;)V+83
j  javax.swing.AbstractButton$Handler.actionPerformed(Ljava/awt/event/ActionEvent;)V+5
j  javax.swing.DefaultButtonModel.fireActionPerformed(Ljava/awt/event/ActionEvent;)V+34
j  javax.swing.DefaultButtonModel.setPressed(Z)V+117
j  javax.swing.plaf.basic.BasicButtonListener.mouseReleased(Ljava/awt/event/MouseEvent;)V+35
j  java.awt.Component.processMouseEvent(Ljava/awt/event/MouseEvent;)V+64
j  javax.swing.JComponent.processMouseEvent(Ljava/awt/event/MouseEvent;)V+23
j  java.awt.Component.processEvent(Ljava/awt/AWTEvent;)V+81
j  java.awt.Container.processEvent(Ljava/awt/AWTEvent;)V+18
J 849 C1 java.awt.Component.dispatchEventImpl(Ljava/awt/AWTEvent;)V (883 bytes) @ 0x00000000026d351c [0x00000000026ce040+0x54dc]
J 728 C1 java.awt.Container.dispatchEventImpl(Ljava/awt/AWTEvent;)V (129 bytes) @ 0x00000000026635c4 [0x0000000002663480+0x144]
J 727 C1 java.awt.Component.dispatchEvent(Ljava/awt/AWTEvent;)V (6 bytes) @ 0x0000000002664584 [0x0000000002664480+0x104]
j  java.awt.LightweightDispatcher.retargetMouseEvent(Ljava/awt/Component;ILjava/awt/event/MouseEvent;)V+327
j  java.awt.LightweightDispatcher.processMouseEvent(Ljava/awt/event/MouseEvent;)Z+155
j  java.awt.LightweightDispatcher.dispatchEvent(Ljava/awt/AWTEvent;)Z+50
J 728 C1 java.awt.Container.dispatchEventImpl(Ljava/awt/AWTEvent;)V (129 bytes) @ 0x0000000002663564 [0x0000000002663480+0xe4]
J 874 C1 java.awt.Window.dispatchEventImpl(Ljava/awt/AWTEvent;)V (23 bytes) @ 0x00000000026ef364 [0x00000000026eed80+0x5e4]
J 855 C1 java.awt.EventQueue.dispatchEventImpl(Ljava/awt/AWTEvent;Ljava/lang/Object;)V (149 bytes) @ 0x00000000026de37c [0x00000000026dcb40+0x183c]
J 857 C1 java.awt.EventQueue$3.run()Ljava/lang/Void; (60 bytes) @ 0x00000000026dfe8c [0x00000000026dfc80+0x20c]
J 773 C1 java.awt.EventQueue$3.run()Ljava/lang/Object; (5 bytes) @ 0x00000000026810cc [0x0000000002681040+0x8c]
v  ~StubRoutines::call_stub
J 607  java.security.AccessController.doPrivileged(Ljava/security/PrivilegedAction;Ljava/security/AccessControlContext;)Ljava/lang/Object; (0 bytes) @ 0x000000000261e7a6 [0x000000000261e740+0x66]
J 842 C1 java.awt.EventQueue$4.run()Ljava/lang/Object; (5 bytes) @ 0x00000000026a952c [0x00000000026a9100+0x42c]
v  ~StubRoutines::call_stub
J 607  java.security.AccessController.doPrivileged(Ljava/security/PrivilegedAction;Ljava/security/AccessControlContext;)Ljava/lang/Object; (0 bytes) @ 0x000000000261e7a6 [0x000000000261e740+0x66]
J 778 C1 java.awt.EventQueue.dispatchEvent(Ljava/awt/AWTEvent;)V (80 bytes) @ 0x0000000002684ed4 [0x0000000002684080+0xe54]
J 673 C1 java.awt.EventDispatchThread.pumpOneEventForFilters(I)V (295 bytes) @ 0x00000000026440b4 [0x0000000002642400+0x1cb4]
j  java.awt.EventDispatchThread.pumpEventsForFilter(ILjava/awt/Conditional;Ljava/awt/EventFilter;)V+35
j  java.awt.EventDispatchThread.pumpEventsForHierarchy(ILjava/awt/Conditional;Ljava/awt/Component;)V+11
j  java.awt.EventDispatchThread.pumpEvents(ILjava/awt/Conditional;)V+4
j  java.awt.EventDispatchThread.pumpEvents(Ljava/awt/Conditional;)V+3
j  java.awt.EventDispatchThread.run()V+9
v  ~StubRoutines::call_stub

---------------  P R O C E S S  ---------------

Java Threads: ( => current thread )
  0x0000000016ef6000 JavaThread "TimerQueue" daemon [_thread_blocked, id=4924, stack(0x00000000187c0000,0x00000000188c0000)]
  0x00000000022e0800 JavaThread "DestroyJavaVM" [_thread_blocked, id=7096, stack(0x00000000021e0000,0x00000000022e0000)]
=>0x000000001670a000 JavaThread "AWT-EventQueue-0" [_thread_in_native, id=5980, stack(0x0000000017b80000,0x0000000017c80000)]
  0x00000000166b4000 JavaThread "AWT-Windows" daemon [_thread_in_native, id=5812, stack(0x0000000016d00000,0x0000000016e00000)]
  0x0000000016709000 JavaThread "AWT-Shutdown" [_thread_blocked, id=6844, stack(0x0000000016c00000,0x0000000016d00000)]
  0x0000000016708800 JavaThread "Java2D Disposer" daemon [_thread_blocked, id=5888, stack(0x0000000016a10000,0x0000000016b10000)]
  0x0000000014a0d800 JavaThread "Service Thread" daemon [_thread_blocked, id=5636, stack(0x0000000016710000,0x0000000016810000)]
  0x00000000149ab800 JavaThread "C1 CompilerThread2" daemon [_thread_blocked, id=6208, stack(0x0000000016210000,0x0000000016310000)]
  0x00000000149ad800 JavaThread "C2 CompilerThread1" daemon [_thread_blocked, id=1828, stack(0x0000000016110000,0x0000000016210000)]
  0x00000000149b8000 JavaThread "C2 CompilerThread0" daemon [_thread_blocked, id=6096, stack(0x0000000016010000,0x0000000016110000)]
  0x00000000149b6000 JavaThread "Attach Listener" daemon [_thread_blocked, id=6796, stack(0x0000000015f10000,0x0000000016010000)]
  0x00000000149b5000 JavaThread "Signal Dispatcher" daemon [_thread_blocked, id=3272, stack(0x0000000015e10000,0x0000000015f10000)]
  0x00000000023d6000 JavaThread "Finalizer" daemon [_thread_blocked, id=6864, stack(0x0000000015c10000,0x0000000015d10000)]
  0x0000000014979000 JavaThread "Reference Handler" daemon [_thread_blocked, id=7028, stack(0x0000000015b10000,0x0000000015c10000)]

Other Threads:
  0x0000000014977800 VMThread [stack: 0x0000000015a10000,0x0000000015b10000] [id=6992]
  0x0000000014a0e800 WatcherThread [stack: 0x0000000016810000,0x0000000016910000] [id=3144]

VM state:not at safepoint (normal execution)

VM Mutex/Monitor currently owned by a thread: None

Heap:
 PSYoungGen      total 18944K, used 13064K [0x00000000eb400000, 0x00000000ec900000, 0x0000000100000000)
  eden space 16384K, 79% used [0x00000000eb400000,0x00000000ec0c21a0,0x00000000ec400000)
  from space 2560K, 0% used [0x00000000ec680000,0x00000000ec680000,0x00000000ec900000)
  to   space 2560K, 0% used [0x00000000ec400000,0x00000000ec400000,0x00000000ec680000)
 ParOldGen       total 44032K, used 0K [0x00000000c1c00000, 0x00000000c4700000, 0x00000000eb400000)
  object space 44032K, 0% used [0x00000000c1c00000,0x00000000c1c00000,0x00000000c4700000)
 Metaspace       used 12174K, capacity 12404K, committed 12672K, reserved 1060864K
  class space    used 1534K, capacity 1614K, committed 1664K, reserved 1048576K

Card table byte_map: [0x00000000117a0000,0x00000000119a0000] byte_map_base: 0x0000000011192000

Marking Bits: (ParMarkBitMap*) 0x000000005fd70600
 Begin Bits: [0x0000000011ef0000, 0x0000000012e80000)
 End Bits:   [0x0000000012e80000, 0x0000000013e10000)

Polling page: 0x00000000001f0000

CodeCache: size=245760Kb used=3925Kb max_used=3970Kb free=241834Kb
 bounds [0x00000000023e0000, 0x00000000027d0000, 0x00000000113e0000]
 total_blobs=1620 nmethods=1135 adapters=397
 compilation: enabled

Compilation events (10 events):
Event: 8.182 Thread 0x00000000149ab800 nmethod 1134 0x000000000279a8d0 code [0x000000000279aa40, 0x000000000279adb0]
Event: 8.183 Thread 0x00000000149ab800 1135       3       java.util.Formatter::checkText (58 bytes)
Event: 8.184 Thread 0x00000000149ab800 nmethod 1135 0x000000000279af50 code [0x000000000279b140, 0x000000000279ba48]
Event: 8.193 Thread 0x00000000149ad800 nmethod 1093 0x00000000027a0490 code [0x00000000027a0700, 0x00000000027a1f58]
Event: 8.193 Thread 0x00000000149ad800 1131       4       java.util.regex.Pattern$Curly::match0 (174 bytes)
Event: 8.224 Thread 0x00000000149ad800 nmethod 1131 0x00000000027a4550 code [0x00000000027a47a0, 0x00000000027a5e58]
Event: 8.224 Thread 0x00000000149ad800 1136       4       java.util.regex.Pattern$Single::isSatisfiedBy (14 bytes)
Event: 8.224 Thread 0x00000000149ad800 nmethod 1136 0x000000000274c890 code [0x000000000274c9c0, 0x000000000274ca38]
Event: 8.224 Thread 0x00000000149ad800 1132       4       java.lang.CharacterDataLatin1::toLowerCase (39 bytes)
Event: 8.225 Thread 0x00000000149ad800 nmethod 1132 0x000000000279d510 code [0x000000000279d640, 0x000000000279d718]

GC Heap History (0 events):
No events

Deoptimization events (4 events):
Event: 0.558 Thread 0x00000000022e0800 Uncommon trap: reason=class_check action=maybe_recompile pc=0x00000000025517e8 method=java.lang.String.equals(Ljava/lang/Object;)Z @ 8
Event: 0.558 Thread 0x00000000022e0800 Uncommon trap: reason=class_check action=maybe_recompile pc=0x00000000025517e8 method=java.lang.String.equals(Ljava/lang/Object;)Z @ 8
Event: 0.558 Thread 0x00000000022e0800 Uncommon trap: reason=class_check action=maybe_recompile pc=0x00000000025517e8 method=java.lang.String.equals(Ljava/lang/Object;)Z @ 8
Event: 0.564 Thread 0x00000000022e0800 Uncommon trap: reason=class_check action=maybe_recompile pc=0x00000000025517e8 method=java.lang.String.equals(Ljava/lang/Object;)Z @ 8

Internal exceptions (10 events):
Event: 0.042 Thread 0x00000000022e0800 Exception <a 'java/lang/NoSuchMethodError': Method sun.misc.Unsafe.defineClass(Ljava/lang/String;[BII)Ljava/lang/Class; name or signature does not match> (0x00000000eb40d340) thrown at [D:\re\puppet\workspace\8-2-build-windows-amd64-cygwin\jdk8u73\6086\hotå†ì5c•?
Event: 0.042 Thread 0x00000000022e0800 Exception <a 'java/lang/NoSuchMethodError': Method sun.misc.Unsafe.prefetchRead(Ljava/lang/Object;J)V name or signature does not match> (0x00000000eb40d628) thrown at [D:\re\puppet\workspace\8-2-build-windows-amd64-cygwin\jdk8u73\6086\hotspot\src\share\vm\‰tó3ªÓ¿?
Event: 0.132 Thread 0x00000000022e0800 Exception <a 'java/security/PrivilegedActionException'> (0x00000000eb4ea758) thrown at [D:\re\puppet\workspace\8-2-build-windows-amd64-cygwin\jdk8u73\6086\hotspot\src\share\vm\prims\jvm.cpp, line 1386]
Event: 0.132 Thread 0x00000000022e0800 Exception <a 'java/security/PrivilegedActionException'> (0x00000000eb4ea968) thrown at [D:\re\puppet\workspace\8-2-build-windows-amd64-cygwin\jdk8u73\6086\hotspot\src\share\vm\prims\jvm.cpp, line 1386]
Event: 0.136 Thread 0x00000000022e0800 Exception <a 'java/security/PrivilegedActionException'> (0x00000000eb4ee7b0) thrown at [D:\re\puppet\workspace\8-2-build-windows-amd64-cygwin\jdk8u73\6086\hotspot\src\share\vm\prims\jvm.cpp, line 1386]
Event: 0.136 Thread 0x00000000022e0800 Exception <a 'java/security/PrivilegedActionException'> (0x00000000eb4ee9c0) thrown at [D:\re\puppet\workspace\8-2-build-windows-amd64-cygwin\jdk8u73\6086\hotspot\src\share\vm\prims\jvm.cpp, line 1386]
Event: 0.143 Thread 0x00000000022e0800 Exception <a 'java/io/FileNotFoundException'> (0x00000000eb4f4818) thrown at [D:\re\puppet\workspace\8-2-build-windows-amd64-cygwin\jdk8u73\6086\hotspot\src\share\vm\prims\jni.cpp, line 709]
Event: 0.204 Thread 0x00000000022e0800 Exception <a 'java/lang/NoSuchFieldError': method resolution failed> (0x00000000eb6140a0) thrown at [D:\re\puppet\workspace\8-2-build-windows-amd64-cygwin\jdk8u73\6086\hotspot\src\share\vm\prims\methodHandles.cpp, line 1146]
Event: 0.206 Thread 0x00000000022e0800 Exception <a 'java/lang/NoSuchFieldError': method resolution failed> (0x00000000eb6213f0) thrown at [D:\re\puppet\workspace\8-2-build-windows-amd64-cygwin\jdk8u73\6086\hotspot\src\share\vm\prims\methodHandles.cpp, line 1146]
Event: 0.268 Thread 0x00000000022e0800 Exception <a 'java/io/FileNotFoundException'> (0x00000000eb6bd1a0) thrown at [D:\re\puppet\workspace\8-2-build-windows-amd64-cygwin\jdk8u73\6086\hotspot\src\share\vm\prims\jni.cpp, line 709]

Events (10 events):
Event: 8.087 loading class sun/misc/FormattedFloatingDecimal
Event: 8.087 loading class sun/misc/FormattedFloatingDecimal done
Event: 8.087 loading class sun/misc/FormattedFloatingDecimal$1
Event: 8.087 loading class sun/misc/FormattedFloatingDecimal$1 done
Event: 8.087 loading class sun/misc/FDBigInteger
Event: 8.088 loading class sun/misc/FDBigInteger done
Event: 8.088 loading class sun/misc/FormattedFloatingDecimal$2
Event: 8.088 loading class sun/misc/FormattedFloatingDecimal$2 done
Event: 8.188 loading class java/lang/ClassLoaderHelper
Event: 8.188 loading class java/lang/ClassLoaderHelper done


Dynamic libraries:
0x00007ff7b3f40000 - 0x00007ff7b3f77000 	C:\Program Files\Java\jdk1.8.0_73\bin\java.exe
0x00007ff9abfc0000 - 0x00007ff9ac181000 	C:\WINDOWS\SYSTEM32\ntdll.dll
0x00007ff9ab260000 - 0x00007ff9ab30d000 	C:\WINDOWS\system32\KERNEL32.DLL
0x00007ff9a8b80000 - 0x00007ff9a8d68000 	C:\WINDOWS\system32\KERNELBASE.dll
0x00007ff9a94e0000 - 0x00007ff9a9587000 	C:\WINDOWS\system32\ADVAPI32.dll
0x00007ff9ab630000 - 0x00007ff9ab6cd000 	C:\WINDOWS\system32\msvcrt.dll
0x00007ff9a9600000 - 0x00007ff9a965b000 	C:\WINDOWS\system32\sechost.dll
0x00007ff9aae50000 - 0x00007ff9aaf6c000 	C:\WINDOWS\system32\RPCRT4.dll
0x00007ff9ab100000 - 0x00007ff9ab256000 	C:\WINDOWS\system32\USER32.dll
0x00007ff9aaf70000 - 0x00007ff9ab0f6000 	C:\WINDOWS\system32\GDI32.dll
0x00007ff99a990000 - 0x00007ff99ac04000 	C:\WINDOWS\WinSxS\amd64_microsoft.windows.common-controls_6595b64144ccf1df_6.0.10586.0_none_8c15ae12515e1c22\COMCTL32.dll
0x00007ff9ab830000 - 0x00007ff9abaad000 	C:\WINDOWS\system32\combase.dll
0x00007ff9a88a0000 - 0x00007ff9a890a000 	C:\WINDOWS\system32\bcryptPrimitives.dll
0x00007ff9ab370000 - 0x00007ff9ab3ab000 	C:\WINDOWS\system32\IMM32.DLL
0x000000005f480000 - 0x000000005f552000 	C:\Program Files\Java\jdk1.8.0_73\jre\bin\msvcr100.dll
0x000000005f560000 - 0x000000005fdf0000 	C:\Program Files\Java\jdk1.8.0_73\jre\bin\server\jvm.dll
0x00007ff9abab0000 - 0x00007ff9abab8000 	C:\WINDOWS\system32\PSAPI.DLL
0x00007ff9890f0000 - 0x00007ff9890f9000 	C:\WINDOWS\SYSTEM32\WSOCK32.dll
0x00007ff9a6e80000 - 0x00007ff9a6ea3000 	C:\WINDOWS\SYSTEM32\WINMM.dll
0x00007ff99e640000 - 0x00007ff99e64a000 	C:\WINDOWS\SYSTEM32\VERSION.dll
0x00007ff9a9590000 - 0x00007ff9a95fb000 	C:\WINDOWS\system32\WS2_32.dll
0x00007ff9a6e20000 - 0x00007ff9a6e4c000 	C:\WINDOWS\SYSTEM32\WINMMBASE.dll
0x00007ff9a8910000 - 0x00007ff9a8953000 	C:\WINDOWS\system32\cfgmgr32.dll
0x000000005f430000 - 0x000000005f43f000 	C:\Program Files\Java\jdk1.8.0_73\jre\bin\verify.dll
0x000000005f400000 - 0x000000005f429000 	C:\Program Files\Java\jdk1.8.0_73\jre\bin\java.dll
0x000000005f3e0000 - 0x000000005f3f6000 	C:\Program Files\Java\jdk1.8.0_73\jre\bin\zip.dll
0x00007ff9a9820000 - 0x00007ff9aad7c000 	C:\WINDOWS\system32\SHELL32.dll
0x00007ff9a8d70000 - 0x00007ff9a93b5000 	C:\WINDOWS\system32\windows.storage.dll
0x00007ff9a97c0000 - 0x00007ff9a9812000 	C:\WINDOWS\system32\shlwapi.dll
0x00007ff9a8660000 - 0x00007ff9a866f000 	C:\WINDOWS\system32\kernel.appcore.dll
0x00007ff9a8960000 - 0x00007ff9a8a15000 	C:\WINDOWS\system32\shcore.dll
0x00007ff9a8610000 - 0x00007ff9a865b000 	C:\WINDOWS\system32\powrprof.dll
0x00007ff9a85f0000 - 0x00007ff9a8604000 	C:\WINDOWS\system32\profapi.dll
0x000000005f200000 - 0x000000005f398000 	C:\Program Files\Java\jdk1.8.0_73\jre\bin\awt.dll
0x00007ff9aad80000 - 0x00007ff9aae41000 	C:\WINDOWS\system32\OLEAUT32.dll
0x00007ff9a6da0000 - 0x00007ff9a6e19000 	C:\WINDOWS\system32\apphelp.dll
0x00007ff9a51e0000 - 0x00007ff9a5202000 	C:\WINDOWS\system32\DWMAPI.DLL
0x00007ff9a7010000 - 0x00007ff9a70a6000 	C:\WINDOWS\system32\uxtheme.dll
0x00007ff9ab6d0000 - 0x00007ff9ab82a000 	C:\WINDOWS\system32\MSCTF.dll
0x00007ff9a9660000 - 0x00007ff9a97a3000 	C:\WINDOWS\system32\ole32.dll
0x000000005f1b0000 - 0x000000005f1f7000 	C:\Program Files\Java\jdk1.8.0_73\jre\bin\fontmanager.dll
0x00007ff9abef0000 - 0x00007ff9abf97000 	C:\WINDOWS\system32\clbcatq.dll
0x00007ff9a4ac0000 - 0x00007ff9a4c71000 	C:\WINDOWS\SYSTEM32\WindowsCodecs.dll
0x00007ff996b90000 - 0x00007ff996bda000 	C:\WINDOWS\system32\dataexchange.dll
0x00007ff9a4d90000 - 0x00007ff9a5038000 	C:\WINDOWS\system32\d3d11.dll
0x00007ff9a5f80000 - 0x00007ff9a6063000 	C:\WINDOWS\system32\dcomp.dll
0x00007ff9a4ce0000 - 0x00007ff9a4d83000 	C:\WINDOWS\system32\dxgi.dll
0x00007ff9a7100000 - 0x00007ff9a7200000 	C:\WINDOWS\system32\twinapi.appcore.dll
0x00007ff9a8520000 - 0x00007ff9a8549000 	C:\WINDOWS\system32\bcrypt.dll
0x000000005f3c0000 - 0x000000005f3da000 	C:\Program Files\Java\jdk1.8.0_73\jre\bin\net.dll
0x00007ff9a7ed0000 - 0x00007ff9a7f2c000 	C:\WINDOWS\system32\mswsock.dll
0x000000005f3a0000 - 0x000000005f3b1000 	C:\Program Files\Java\jdk1.8.0_73\jre\bin\nio.dll
0x000000005f160000 - 0x000000005f1a2000 	C:\Program Files\Java\jdk1.8.0_73\jre\bin\t2k.dll
0x00007ff99ea20000 - 0x00007ff99ea53000 	C:\Users\jjime\Documents\GitHub\ProyectoDise-o2\ProyectoDise-o2\cppLibreriaBitacora.dll
0x00007ff99aef0000 - 0x00007ff99af13000 	C:\WINDOWS\SYSTEM32\VCRUNTIME140D.dll
0x00007ff986710000 - 0x00007ff986807000 	C:\WINDOWS\SYSTEM32\MSVCP140D.dll
0x00007ff986260000 - 0x00007ff98641b000 	C:\WINDOWS\SYSTEM32\ucrtbased.dll
0x00007ff9981c0000 - 0x00007ff998228000 	C:\WINDOWS\SYSTEM32\mscoree.dll
0x00007ff9a8100000 - 0x00007ff9a810b000 	C:\WINDOWS\SYSTEM32\CRYPTBASE.DLL
0x00007ff998120000 - 0x00007ff9981b8000 	C:\Windows\Microsoft.NET\Framework64\v4.0.30319\mscoreei.dll
0x00007ff992a10000 - 0x00007ff9933a0000 	C:\Windows\Microsoft.NET\Framework64\v4.0.30319\clr.dll
0x00007ff992910000 - 0x00007ff992a07000 	C:\WINDOWS\SYSTEM32\MSVCR120_CLR0400.dll
0x00007ff984d90000 - 0x00007ff986254000 	C:\WINDOWS\assembly\NativeImages_v4.0.30319_64\mscorlib\2c5440b166ece2da7d6cc4031a72127c\mscorlib.ni.dll
0x00007ff986600000 - 0x00007ff986705000 	C:\Windows\Microsoft.NET\Framework64\v4.0.30319\clrjit.dll
0x00007ff984c70000 - 0x00007ff984d87000 	C:\Windows\Microsoft.NET\Framework64\v4.0.30319\diasymreader.dll
0x00007ff9840a0000 - 0x00007ff984c70000 	C:\WINDOWS\assembly\NativeImages_v4.0.30319_64\System\c8cc15551e0d7f24a438dc13744f7113\System.ni.dll
0x00007ff982cd0000 - 0x00007ff983562000 	C:\WINDOWS\assembly\NativeImages_v4.0.30319_64\System.Xml\feae4ec2ac506cb2f089c5aa0c2a0751\System.Xml.ni.dll
0x00007ff983e50000 - 0x00007ff983fdc000 	C:\WINDOWS\SYSTEM32\dbghelp.dll

VM Arguments:
jvm_args: -Dfile.encoding=UTF-8 
java_command: Main
java_class_path (initial): C:\Users\jjime\Documents\GitHub\ProyectoDise-o2\ProyectoDise-o2\json-simple-1.1.1.jar;C:\Users\jjime\Documents\GitHub\ProyectoDise-o2\ProyectoDise-o2\build\classes
Launcher Type: SUN_STANDARD

Environment Variables:
PATH=C:\ProgramData\Oracle\Java\javapath;C:\WINDOWS\system32;C:\WINDOWS;C:\WINDOWS\System32\Wbem;C:\WINDOWS\System32\WindowsPowerShell\v1.0\;C:\WINDOWS\system32\config\systemprofile\.dnx\bin;C:\Program Files\Microsoft DNX\Dnvm\;C:\Program Files\Microsoft SQL Server\130\Tools\Binn\;C:\Program Files (x86)\Windows Kits\8.1\Windows Performance Toolkit\
USERNAME=jjime
OS=Windows_NT
PROCESSOR_IDENTIFIER=Intel64 Family 6 Model 58 Stepping 9, GenuineIntel



---------------  S Y S T E M  ---------------

OS: Windows 10.0 , 64 bit Build 10586 (10.0.10586.0)

CPU:total 4 (2 cores per cpu, 2 threads per core) family 6 model 58 stepping 9, cmov, cx8, fxsr, mmx, sse, sse2, sse3, ssse3, sse4.1, sse4.2, popcnt, avx, clmul, erms, ht, tsc, tscinvbit, tscinv

Memory: 4k page, physical 4074720k(2023892k free), swap 8531168k(6302524k free)

vm_info: Java HotSpot(TM) 64-Bit Server VM (25.73-b02) for windows-amd64 JRE (1.8.0_73-b02), built on Jan 29 2016 17:38:49 by "java_re" with MS VC++ 10.0 (VS2010)

time: Mon May 23 12:21:20 2016
elapsed time: 8 seconds (0d 0h 0m 8s)

