#
# A fatal error has been detected by the Java Runtime Environment:
#
#  Internal Error (0xe0434352), pid=7568, tid=3944
#
# JRE version: Java(TM) SE Runtime Environment (8.0_73-b02) (build 1.8.0_73-b02)
# Java VM: Java HotSpot(TM) 64-Bit Server VM (25.73-b02 mixed mode windows-amd64 compressed oops)
# Problematic frame:
# C  [KERNELBASE.dll+0x71f28]
#
# Failed to write core dump. Minidumps are not enabled by default on client versions of Windows
#
# If you would like to submit a bug report, please visit:
#   http://bugreport.java.com/bugreport/crash.jsp
# The crash happened outside the Java Virtual Machine in native code.
# See problematic frame for where to report the bug.
#

---------------  T H R E A D  ---------------

Current thread (0x0000000015ac7000):  JavaThread "AWT-EventQueue-0" [_thread_in_native, id=3944, stack(0x00000000188b0000,0x00000000189b0000)]

siginfo: ExceptionCode=0xe0434352, ExceptionInformation=0xffffffff80131940 0x0000000000000000 0x0000000000000000 0x0000000000000000 0x00007ffda9c90000 

Registers:
RAX=0x00007ffdc4d50bf9, RBX=0x0000000000000001, RCX=0x0000000000671120, RDX=0x00007ffda2e54ac0
RSP=0x00000000189abfe0, RBP=0x000000001a52c4c8, RSI=0x00000000189ac158, RDI=0x0000000000000005
R8 =0x0000000000000001, R9 =0x0000000000671130, R10=0x0000000000671120, R11=0x00000000c0000001
R12=0x0000000000004000, R13=0x000000001a52c360, R14=0x00000000e0434352, R15=0x000000001a52a418
RIP=0x00007ffdc1d01f28, EFLAGS=0x0000000000000206

Top of Stack: (sp=0x00000000189abfe0)
0x00000000189abfe0:   0000000000000000 0000000000000001
0x00000000189abff0:   00000000189ac158 0000000000000005
0x00000000189ac000:   00000001e0434352 0000000000000000
0x00000000189ac010:   00007ffdc1d01f28 00007ffd00000005
0x00000000189ac020:   ffffffff80131940 0000000000000000
0x00000000189ac030:   0000000000000000 0000000000000000
0x00000000189ac040:   00007ffda9c90000 0000000000000000
0x00000000189ac050:   fffffffffffffffe 0000000000003cc0
0x00000000189ac060:   00007ffd4a7a45c0 00007ffd4a7a45c0
0x00000000189ac070:   0000000000003cc0 00007ffd4a7a8280
0x00000000189ac080:   00007ffd4a7a8280 00007ffda9d6fd98
0x00000000189ac090:   0000000000000000 000000001906e050
0x00000000189ac0a0:   00008a1cdb25782f 0000000000000001
0x00000000189ac0b0:   0000000000000005 00007ffda9d6fd71
0x00000000189ac0c0:   0000000000000001 00000000189ac088
0x00000000189ac0d0:   000000001a52c710 000000001a5322f0 

Instructions: (pc=0x00007ffdc1d01f28)
0x00007ffdc1d01f08:   49 8b d1 44 0f 47 c0 44 89 44 24 38 49 c1 e0 03
0x00007ffdc1d01f18:   e8 27 b2 00 00 48 8d 4c 24 20 ff 15 c8 a7 05 00
0x00007ffdc1d01f28:   48 8b 8c 24 c0 00 00 00 48 33 cc e8 98 7a 00 00
0x00007ffdc1d01f38:   48 81 c4 d8 00 00 00 c3 83 64 24 38 00 eb d6 cc 


Register to memory mapping:

RAX=0x00007ffdc4d50bf9 is an unknown value
RBX=0x0000000000000001 is an unknown value
RCX=0x0000000000671120 is an unknown value
RDX=0x00007ffda2e54ac0 is an unknown value
RSP=0x00000000189abfe0 is pointing into the stack for thread: 0x0000000015ac7000
RBP=0x000000001a52c4c8 is an unknown value
RSI=0x00000000189ac158 is pointing into the stack for thread: 0x0000000015ac7000
RDI=0x0000000000000005 is an unknown value
R8 =0x0000000000000001 is an unknown value
R9 =0x0000000000671130 is an unknown value
R10=0x0000000000671120 is an unknown value
R11=0x00000000c0000001 is an unknown value
R12=0x0000000000004000 is an unknown value
R13=0x000000001a52c360 is an unknown value
R14=0x00000000e0434352 is an unallocated location in the heap
R15=0x000000001a52a418 is an unknown value


Stack: [0x00000000188b0000,0x00000000189b0000],  sp=0x00000000189abfe0,  free space=1007k
Native frames: (J=compiled Java code, j=interpreted, Vv=VM code, C=native code)
C  [KERNELBASE.dll+0x71f28]
C  [clr.dll+0xdfd71]
C  [clr.dll+0xdfb70]
C  0x00007ffd4a68f07b

Java frames: (J=compiled Java code, j=interpreted, Vv=VM code)
j  Controlador.AbstractControlador.escribir(Ljava/lang/String;Ljava/lang/String;Ljava/lang/String;Ljava/lang/String;Ljava/lang/String;Ljava/lang/String;)V+0
j  Controlador.AbstractControlador.actualizarBitacora(LDTOSistemaAmortizacion/DtoSistema;)V+39
j  Controlador.AbstractControlador.crearSistemaAhorro(LDTOSistemaAmortizacion/DtoSistema;)V+75
j  Vistas.GUI.btnGenerarActionPerformed(Ljava/awt/event/ActionEvent;)V+271
j  Vistas.GUI.access$000(LVistas/GUI;Ljava/awt/event/ActionEvent;)V+2
j  Vistas.GUI$1.actionPerformed(Ljava/awt/event/ActionEvent;)V+5
j  javax.swing.AbstractButton.fireActionPerformed(Ljava/awt/event/ActionEvent;)V+83
j  javax.swing.AbstractButton$Handler.actionPerformed(Ljava/awt/event/ActionEvent;)V+5
j  javax.swing.DefaultButtonModel.fireActionPerformed(Ljava/awt/event/ActionEvent;)V+34
j  javax.swing.DefaultButtonModel.setPressed(Z)V+117
j  javax.swing.plaf.basic.BasicButtonListener.mouseReleased(Ljava/awt/event/MouseEvent;)V+35
j  java.awt.Component.processMouseEvent(Ljava/awt/event/MouseEvent;)V+64
j  javax.swing.JComponent.processMouseEvent(Ljava/awt/event/MouseEvent;)V+23
j  java.awt.Component.processEvent(Ljava/awt/AWTEvent;)V+81
j  java.awt.Container.processEvent(Ljava/awt/AWTEvent;)V+18
J 991 C1 java.awt.Component.dispatchEventImpl(Ljava/awt/AWTEvent;)V (883 bytes) @ 0x000000000251531c [0x000000000250fe40+0x54dc]
J 902 C1 java.awt.Container.dispatchEventImpl(Ljava/awt/AWTEvent;)V (129 bytes) @ 0x00000000024d5c44 [0x00000000024d5b00+0x144]
J 901 C1 java.awt.Component.dispatchEvent(Ljava/awt/AWTEvent;)V (6 bytes) @ 0x00000000024d5784 [0x00000000024d5680+0x104]
j  java.awt.LightweightDispatcher.retargetMouseEvent(Ljava/awt/Component;ILjava/awt/event/MouseEvent;)V+327
j  java.awt.LightweightDispatcher.processMouseEvent(Ljava/awt/event/MouseEvent;)Z+155
j  java.awt.LightweightDispatcher.dispatchEvent(Ljava/awt/AWTEvent;)Z+50
J 902 C1 java.awt.Container.dispatchEventImpl(Ljava/awt/AWTEvent;)V (129 bytes) @ 0x00000000024d5be4 [0x00000000024d5b00+0xe4]
j  java.awt.Window.dispatchEventImpl(Ljava/awt/AWTEvent;)V+19
J 993 C1 java.awt.EventQueue.dispatchEventImpl(Ljava/awt/AWTEvent;Ljava/lang/Object;)V (149 bytes) @ 0x000000000251d3fc [0x000000000251bbc0+0x183c]
J 992 C1 java.awt.EventQueue$3.run()Ljava/lang/Void; (60 bytes) @ 0x000000000250ef4c [0x000000000250ed40+0x20c]
J 935 C1 java.awt.EventQueue$3.run()Ljava/lang/Object; (5 bytes) @ 0x00000000024e970c [0x00000000024e9680+0x8c]
v  ~StubRoutines::call_stub
J 721  java.security.AccessController.doPrivileged(Ljava/security/PrivilegedAction;Ljava/security/AccessControlContext;)Ljava/lang/Object; (0 bytes) @ 0x0000000002471aa6 [0x0000000002471a40+0x66]
J 994 C1 java.awt.EventQueue$4.run()Ljava/lang/Object; (5 bytes) @ 0x000000000250e46c [0x000000000250e040+0x42c]
v  ~StubRoutines::call_stub
J 721  java.security.AccessController.doPrivileged(Ljava/security/PrivilegedAction;Ljava/security/AccessControlContext;)Ljava/lang/Object; (0 bytes) @ 0x0000000002471aa6 [0x0000000002471a40+0x66]
J 877 C1 java.awt.EventQueue.dispatchEvent(Ljava/awt/AWTEvent;)V (80 bytes) @ 0x00000000024c697c [0x00000000024c5b00+0xe7c]
J 884 C1 java.awt.EventDispatchThread.pumpOneEventForFilters(I)V (295 bytes) @ 0x00000000024cbd34 [0x00000000024ca080+0x1cb4]
j  java.awt.EventDispatchThread.pumpEventsForFilter(ILjava/awt/Conditional;Ljava/awt/EventFilter;)V+35
j  java.awt.EventDispatchThread.pumpEventsForHierarchy(ILjava/awt/Conditional;Ljava/awt/Component;)V+11
j  java.awt.EventDispatchThread.pumpEvents(ILjava/awt/Conditional;)V+4
j  java.awt.EventDispatchThread.pumpEvents(Ljava/awt/Conditional;)V+3
j  java.awt.EventDispatchThread.run()V+9
v  ~StubRoutines::call_stub

---------------  P R O C E S S  ---------------

Java Threads: ( => current thread )
  0x0000000018193800 JavaThread "TimerQueue" daemon [_thread_blocked, id=7584, stack(0x0000000019bd0000,0x0000000019cd0000)]
  0x000000001816d800 JavaThread "D3D Screen Updater" daemon [_thread_blocked, id=6640, stack(0x0000000019480000,0x0000000019580000)]
  0x00000000020e0800 JavaThread "DestroyJavaVM" [_thread_blocked, id=2936, stack(0x0000000001f80000,0x0000000002080000)]
=>0x0000000015ac7000 JavaThread "AWT-EventQueue-0" [_thread_in_native, id=3944, stack(0x00000000188b0000,0x00000000189b0000)]
  0x0000000015a1b800 JavaThread "AWT-Windows" daemon [_thread_in_native, id=6724, stack(0x0000000015e70000,0x0000000015f70000)]
  0x0000000015a1a800 JavaThread "AWT-Shutdown" [_thread_blocked, id=2952, stack(0x0000000015d70000,0x0000000015e70000)]
  0x0000000015a19800 JavaThread "Java2D Disposer" daemon [_thread_blocked, id=4296, stack(0x0000000015be0000,0x0000000015ce0000)]
  0x0000000014309000 JavaThread "Service Thread" daemon [_thread_blocked, id=6920, stack(0x00000000154e0000,0x00000000155e0000)]
  0x0000000014302800 JavaThread "C1 CompilerThread1" daemon [_thread_blocked, id=4436, stack(0x00000000153e0000,0x00000000154e0000)]
  0x00000000142a8800 JavaThread "C2 CompilerThread0" daemon [_thread_blocked, id=4420, stack(0x00000000152e0000,0x00000000153e0000)]
  0x00000000142a7800 JavaThread "Attach Listener" daemon [_thread_blocked, id=5556, stack(0x00000000151e0000,0x00000000152e0000)]
  0x00000000142a4000 JavaThread "Signal Dispatcher" daemon [_thread_blocked, id=3604, stack(0x00000000150e0000,0x00000000151e0000)]
  0x00000000021cc800 JavaThread "Finalizer" daemon [_thread_blocked, id=7356, stack(0x0000000014ee0000,0x0000000014fe0000)]
  0x00000000021c9800 JavaThread "Reference Handler" daemon [_thread_blocked, id=7576, stack(0x0000000014de0000,0x0000000014ee0000)]

Other Threads:
  0x0000000014276000 VMThread [stack: 0x0000000014ce0000,0x0000000014de0000] [id=3800]
  0x000000001430d800 WatcherThread [stack: 0x00000000155e0000,0x00000000156e0000] [id=6608]

VM state:not at safepoint (normal execution)

VM Mutex/Monitor currently owned by a thread: None

Heap:
 PSYoungGen      total 17408K, used 8139K [0x00000000ecd00000, 0x00000000ee000000, 0x0000000100000000)
  eden space 15360K, 52% used [0x00000000ecd00000,0x00000000ed4f2f10,0x00000000edc00000)
  from space 2048K, 0% used [0x00000000ede00000,0x00000000ede00000,0x00000000ee000000)
  to   space 2048K, 0% used [0x00000000edc00000,0x00000000edc00000,0x00000000ede00000)
 ParOldGen       total 39936K, used 0K [0x00000000c6600000, 0x00000000c8d00000, 0x00000000ecd00000)
  object space 39936K, 0% used [0x00000000c6600000,0x00000000c6600000,0x00000000c8d00000)
 Metaspace       used 14370K, capacity 14588K, committed 14720K, reserved 1062912K
  class space    used 1798K, capacity 1872K, committed 1920K, reserved 1048576K

Card table byte_map: [0x00000000115a0000,0x0000000011770000] byte_map_base: 0x0000000010f6d000

Marking Bits: (ParMarkBitMap*) 0x000000006d100600
 Begin Bits: [0x0000000011ab0000, 0x0000000012918000)
 End Bits:   [0x0000000012918000, 0x0000000013780000)

Polling page: 0x00000000001f0000

CodeCache: size=245760Kb used=3632Kb max_used=3632Kb free=242127Kb
 bounds [0x00000000021e0000, 0x0000000002570000, 0x00000000111e0000]
 total_blobs=1580 nmethods=1078 adapters=415
 compilation: enabled

Compilation events (10 events):
Event: 54.098 Thread 0x0000000014302800 1074       3       java.util.regex.Pattern$GroupHead::match (47 bytes)
Event: 54.099 Thread 0x0000000014302800 nmethod 1074 0x000000000256bcd0 code [0x000000000256be40, 0x000000000256c0e8]
Event: 54.099 Thread 0x0000000014302800 1075       3       java.util.regex.Matcher::group (112 bytes)
Event: 54.101 Thread 0x0000000014302800 nmethod 1075 0x000000000256a750 code [0x000000000256a980, 0x000000000256b708]
Event: 54.101 Thread 0x0000000014302800 1077       3       java.util.regex.Pattern$Branch::match (66 bytes)
Event: 54.102 Thread 0x0000000014302800 nmethod 1077 0x0000000002569ed0 code [0x000000000256a060, 0x000000000256a538]
Event: 54.102 Thread 0x0000000014302800 1076       3       java.util.regex.Matcher::groupCount (10 bytes)
Event: 54.102 Thread 0x0000000014302800 nmethod 1076 0x0000000002569b90 code [0x0000000002569ce0, 0x0000000002569e30]
Event: 54.104 Thread 0x0000000014302800 1078       1       java.util.HashMap::size (5 bytes)
Event: 54.104 Thread 0x0000000014302800 nmethod 1078 0x000000000256c950 code [0x000000000256caa0, 0x000000000256cbb0]

GC Heap History (0 events):
No events

Deoptimization events (4 events):
Event: 2.042 Thread 0x00000000020e0800 Uncommon trap: reason=class_check action=maybe_recompile pc=0x000000000235ae68 method=java.lang.String.equals(Ljava/lang/Object;)Z @ 8
Event: 2.046 Thread 0x00000000020e0800 Uncommon trap: reason=class_check action=maybe_recompile pc=0x000000000235ae68 method=java.lang.String.equals(Ljava/lang/Object;)Z @ 8
Event: 2.046 Thread 0x00000000020e0800 Uncommon trap: reason=class_check action=maybe_recompile pc=0x000000000235ae68 method=java.lang.String.equals(Ljava/lang/Object;)Z @ 8
Event: 2.065 Thread 0x00000000020e0800 Uncommon trap: reason=class_check action=maybe_recompile pc=0x000000000235ae68 method=java.lang.String.equals(Ljava/lang/Object;)Z @ 8

Internal exceptions (10 events):
Event: 0.174 Thread 0x00000000020e0800 Exception <a 'java/lang/NoSuchMethodError': Method sun.misc.Unsafe.defineClass(Ljava/lang/String;[BII)Ljava/lang/Class; name or signature does not match> (0x00000000ecd0d590) thrown at [D:\re\puppet\workspace\8-2-build-windows-amd64-cygwin\jdk8u73\6086\hotÀX*®JÆ?
Event: 0.174 Thread 0x00000000020e0800 Exception <a 'java/lang/NoSuchMethodError': Method sun.misc.Unsafe.prefetchRead(Ljava/lang/Object;J)V name or signature does not match> (0x00000000ecd0d878) thrown at [D:\re\puppet\workspace\8-2-build-windows-amd64-cygwin\jdk8u73\6086\hotspot\src\share\vm\vœ4µ´’ã?
Event: 0.612 Thread 0x00000000020e0800 Exception <a 'java/security/PrivilegedActionException'> (0x00000000ecd990d8) thrown at [D:\re\puppet\workspace\8-2-build-windows-amd64-cygwin\jdk8u73\6086\hotspot\src\share\vm\prims\jvm.cpp, line 1386]
Event: 0.612 Thread 0x00000000020e0800 Exception <a 'java/security/PrivilegedActionException'> (0x00000000ecd992e8) thrown at [D:\re\puppet\workspace\8-2-build-windows-amd64-cygwin\jdk8u73\6086\hotspot\src\share\vm\prims\jvm.cpp, line 1386]
Event: 0.624 Thread 0x00000000020e0800 Exception <a 'java/security/PrivilegedActionException'> (0x00000000ecde9f18) thrown at [D:\re\puppet\workspace\8-2-build-windows-amd64-cygwin\jdk8u73\6086\hotspot\src\share\vm\prims\jvm.cpp, line 1386]
Event: 0.625 Thread 0x00000000020e0800 Exception <a 'java/security/PrivilegedActionException'> (0x00000000ecdea128) thrown at [D:\re\puppet\workspace\8-2-build-windows-amd64-cygwin\jdk8u73\6086\hotspot\src\share\vm\prims\jvm.cpp, line 1386]
Event: 0.650 Thread 0x00000000020e0800 Exception <a 'java/io/FileNotFoundException'> (0x00000000ecdeff80) thrown at [D:\re\puppet\workspace\8-2-build-windows-amd64-cygwin\jdk8u73\6086\hotspot\src\share\vm\prims\jni.cpp, line 709]
Event: 0.870 Thread 0x00000000020e0800 Exception <a 'java/lang/NoSuchFieldError': method resolution failed> (0x00000000ecebd680) thrown at [D:\re\puppet\workspace\8-2-build-windows-amd64-cygwin\jdk8u73\6086\hotspot\src\share\vm\prims\methodHandles.cpp, line 1146]
Event: 0.897 Thread 0x00000000020e0800 Exception <a 'java/lang/NoSuchFieldError': method resolution failed> (0x00000000ececa9d0) thrown at [D:\re\puppet\workspace\8-2-build-windows-amd64-cygwin\jdk8u73\6086\hotspot\src\share\vm\prims\methodHandles.cpp, line 1146]
Event: 1.142 Thread 0x00000000020e0800 Exception <a 'java/io/FileNotFoundException'> (0x00000000ecf676f0) thrown at [D:\re\puppet\workspace\8-2-build-windows-amd64-cygwin\jdk8u73\6086\hotspot\src\share\vm\prims\jni.cpp, line 709]

Events (10 events):
Event: 54.086 loading class sun/misc/FormattedFloatingDecimal
Event: 54.086 loading class sun/misc/FormattedFloatingDecimal done
Event: 54.087 loading class sun/misc/FormattedFloatingDecimal$1
Event: 54.087 loading class sun/misc/FormattedFloatingDecimal$1 done
Event: 54.087 loading class sun/misc/FDBigInteger
Event: 54.088 loading class sun/misc/FDBigInteger done
Event: 54.091 loading class sun/misc/FormattedFloatingDecimal$2
Event: 54.091 loading class sun/misc/FormattedFloatingDecimal$2 done
Event: 54.100 loading class java/lang/ClassLoaderHelper
Event: 54.100 loading class java/lang/ClassLoaderHelper done


Dynamic libraries:
0x00007ff6e4030000 - 0x00007ff6e4067000 	C:\Program Files\Java\jdk1.8.0_73\bin\java.exe
0x00007ffdc4d30000 - 0x00007ffdc4ef1000 	C:\Windows\SYSTEM32\ntdll.dll
0x00007ffdc4b00000 - 0x00007ffdc4bad000 	C:\Windows\system32\KERNEL32.DLL
0x00007ffdc1c90000 - 0x00007ffdc1e78000 	C:\Windows\system32\KERNELBASE.dll
0x00007ffdc2a50000 - 0x00007ffdc2af7000 	C:\Windows\system32\ADVAPI32.dll
0x00007ffdc2e70000 - 0x00007ffdc2f0d000 	C:\Windows\system32\msvcrt.dll
0x00007ffdc4a20000 - 0x00007ffdc4a7b000 	C:\Windows\system32\sechost.dll
0x00007ffdc3120000 - 0x00007ffdc323c000 	C:\Windows\system32\RPCRT4.dll
0x00007ffdc4bb0000 - 0x00007ffdc4d06000 	C:\Windows\system32\USER32.dll
0x00007ffdc28c0000 - 0x00007ffdc2a46000 	C:\Windows\system32\GDI32.dll
0x00007ffdb0e90000 - 0x00007ffdb1104000 	C:\Windows\WinSxS\amd64_microsoft.windows.common-controls_6595b64144ccf1df_6.0.10586.0_none_8c15ae12515e1c22\COMCTL32.dll
0x00007ffdc47a0000 - 0x00007ffdc4a1d000 	C:\Windows\system32\combase.dll
0x00007ffdc1a30000 - 0x00007ffdc1a9a000 	C:\Windows\system32\bcryptPrimitives.dll
0x00007ffdc2b00000 - 0x00007ffdc2b3b000 	C:\Windows\system32\IMM32.DLL
0x000000006c810000 - 0x000000006c8e2000 	C:\Program Files\Java\jdk1.8.0_73\jre\bin\msvcr100.dll
0x000000006c8f0000 - 0x000000006d180000 	C:\Program Files\Java\jdk1.8.0_73\jre\bin\server\jvm.dll
0x00007ffdc4af0000 - 0x00007ffdc4af8000 	C:\Windows\system32\PSAPI.DLL
0x00007ffdbf9a0000 - 0x00007ffdbf9a9000 	C:\Windows\SYSTEM32\WSOCK32.dll
0x00007ffdc2350000 - 0x00007ffdc23bb000 	C:\Windows\system32\WS2_32.dll
0x00007ffdbf970000 - 0x00007ffdbf993000 	C:\Windows\SYSTEM32\WINMM.dll
0x00007ffdbdad0000 - 0x00007ffdbdada000 	C:\Windows\SYSTEM32\VERSION.dll
0x00007ffdbf910000 - 0x00007ffdbf93c000 	C:\Windows\SYSTEM32\WINMMBASE.dll
0x00007ffdc1fc0000 - 0x00007ffdc2003000 	C:\Windows\system32\cfgmgr32.dll
0x000000006c7c0000 - 0x000000006c7cf000 	C:\Program Files\Java\jdk1.8.0_73\jre\bin\verify.dll
0x000000006c790000 - 0x000000006c7b9000 	C:\Program Files\Java\jdk1.8.0_73\jre\bin\java.dll
0x000000006c770000 - 0x000000006c786000 	C:\Program Files\Java\jdk1.8.0_73\jre\bin\zip.dll
0x00007ffdc3240000 - 0x00007ffdc479c000 	C:\Windows\system32\SHELL32.dll
0x00007ffdc13e0000 - 0x00007ffdc1a24000 	C:\Windows\system32\windows.storage.dll
0x00007ffdc2e10000 - 0x00007ffdc2e62000 	C:\Windows\system32\shlwapi.dll
0x00007ffdc1350000 - 0x00007ffdc135f000 	C:\Windows\system32\kernel.appcore.dll
0x00007ffdc2070000 - 0x00007ffdc2125000 	C:\Windows\system32\shcore.dll
0x00007ffdc1360000 - 0x00007ffdc13ab000 	C:\Windows\system32\powrprof.dll
0x00007ffdc13c0000 - 0x00007ffdc13d4000 	C:\Windows\system32\profapi.dll
0x000000006c590000 - 0x000000006c728000 	C:\Program Files\Java\jdk1.8.0_73\jre\bin\awt.dll
0x00007ffdc2130000 - 0x00007ffdc21f1000 	C:\Windows\system32\OLEAUT32.dll
0x00007ffdbfb40000 - 0x00007ffdbfbb9000 	C:\Windows\system32\apphelp.dll
0x00007ffdbe4d0000 - 0x00007ffdbe4f2000 	C:\Windows\system32\DWMAPI.DLL
0x00007ffdbfc20000 - 0x00007ffdbfcb6000 	C:\Windows\system32\uxtheme.dll
0x00007ffdc2fc0000 - 0x00007ffdc311a000 	C:\Windows\system32\MSCTF.dll
0x00007ffdc2200000 - 0x00007ffdc2343000 	C:\Windows\system32\ole32.dll
0x00007ffd9f310000 - 0x00007ffd9f520000 	C:\Windows\system32\d3d9.dll
0x00007ffdbdae0000 - 0x00007ffdbdc47000 	C:\Windows\SYSTEM32\aticfx64.dll
0x00007ffd9f2e0000 - 0x00007ffd9f301000 	C:\Windows\SYSTEM32\atiu9p64.dll
0x00007ffd9e590000 - 0x00007ffd9ede9000 	C:\Windows\SYSTEM32\atiumd64.dll
0x000000006d9b0000 - 0x000000006e238000 	C:\Windows\SYSTEM32\atiumd6a.dll
0x000000006c540000 - 0x000000006c587000 	C:\Program Files\Java\jdk1.8.0_73\jre\bin\fontmanager.dll
0x00007ffdc2f10000 - 0x00007ffdc2fb7000 	C:\Windows\system32\clbcatq.dll
0x00007ffdbdfb0000 - 0x00007ffdbe161000 	C:\Windows\SYSTEM32\WindowsCodecs.dll
0x00007ffdabaa0000 - 0x00007ffdabaea000 	C:\Windows\system32\dataexchange.dll
0x00007ffdbe220000 - 0x00007ffdbe4c8000 	C:\Windows\system32\d3d11.dll
0x00007ffdbf7f0000 - 0x00007ffdbf8d3000 	C:\Windows\system32\dcomp.dll
0x00007ffdbe170000 - 0x00007ffdbe212000 	C:\Windows\system32\dxgi.dll
0x00007ffdbfe70000 - 0x00007ffdbff70000 	C:\Windows\system32\twinapi.appcore.dll
0x00007ffdc1290000 - 0x00007ffdc12b9000 	C:\Windows\system32\bcrypt.dll
0x000000006c750000 - 0x000000006c76a000 	C:\Program Files\Java\jdk1.8.0_73\jre\bin\net.dll
0x00007ffdc0c20000 - 0x00007ffdc0c7c000 	C:\Windows\system32\mswsock.dll
0x000000006c730000 - 0x000000006c741000 	C:\Program Files\Java\jdk1.8.0_73\jre\bin\nio.dll
0x000000006c4f0000 - 0x000000006c532000 	C:\Program Files\Java\jdk1.8.0_73\jre\bin\t2k.dll
0x00007ffdbfdc0000 - 0x00007ffdbfe6a000 	C:\Windows\SYSTEM32\DNSAPI.dll
0x00007ffdc2e00000 - 0x00007ffdc2e08000 	C:\Windows\system32\NSI.dll
0x00007ffdb76c0000 - 0x00007ffdb76ca000 	C:\Windows\System32\rasadhlp.dll
0x00007ffdbc980000 - 0x00007ffdbc9b8000 	C:\Windows\SYSTEM32\IPHLPAPI.DLL
0x00007ffdbb000000 - 0x00007ffdbb067000 	C:\Windows\System32\fwpuclnt.dll
0x00007ffdbc4d0000 - 0x00007ffdbc502000 	C:\Users\jjime\Documents\GitHub\ProyectoDise-o2\ProyectoDise-o2\cppLibreriaBitacora.dll
0x00007ffda0230000 - 0x00007ffda03eb000 	C:\Windows\SYSTEM32\ucrtbased.dll
0x00007ffdbc030000 - 0x00007ffdbc053000 	C:\Windows\SYSTEM32\VCRUNTIME140D.dll
0x00007ffda20f0000 - 0x00007ffda21e7000 	C:\Windows\SYSTEM32\MSVCP140D.dll
0x00007ffdaa6c0000 - 0x00007ffdaa728000 	C:\Windows\SYSTEM32\mscoree.dll
0x00007ffdc0df0000 - 0x00007ffdc0dfb000 	C:\Windows\SYSTEM32\CRYPTBASE.DLL
0x00007ffdaa620000 - 0x00007ffdaa6b8000 	C:\Windows\Microsoft.NET\Framework64\v4.0.30319\mscoreei.dll
0x00007ffda9c90000 - 0x00007ffdaa620000 	C:\Windows\Microsoft.NET\Framework64\v4.0.30319\clr.dll
0x00007ffda9b90000 - 0x00007ffda9c87000 	C:\Windows\SYSTEM32\MSVCR120_CLR0400.dll
0x00007ffda2930000 - 0x00007ffda3df4000 	C:\Windows\assembly\NativeImages_v4.0.30319_64\mscorlib\43226440664fdfb99f9ad60968b2a60c\mscorlib.ni.dll
0x00007ffda9060000 - 0x00007ffda9165000 	C:\Windows\Microsoft.NET\Framework64\v4.0.30319\clrjit.dll
0x00007ffda0980000 - 0x00007ffda0a97000 	C:\Windows\Microsoft.NET\Framework64\v4.0.30319\diasymreader.dll
0x00007ffdc0cd0000 - 0x00007ffdc0ce7000 	C:\Windows\SYSTEM32\CRYPTSP.dll
0x00007ffdc0960000 - 0x00007ffdc0994000 	C:\Windows\system32\rsaenh.dll
0x00007ffdafd30000 - 0x00007ffdafebc000 	C:\Windows\SYSTEM32\dbghelp.dll

VM Arguments:
jvm_args: -Dfile.encoding=UTF-8 
java_command: Main.Main
java_class_path (initial): C:\Users\jjime\Documents\GitHub\ProyectoDise-o2\ProyectoDise-o2\json-simple-1.1.1.jar;C:\Users\jjime\Documents\GitHub\ProyectoDise-o2\ProyectoDise-o2\build\classes
Launcher Type: SUN_STANDARD

Environment Variables:
PATH=C:\ProgramData\Oracle\Java\javapath;C:\Windows\system32;C:\Windows;C:\Windows\System32\Wbem;C:\Windows\System32\WindowsPowerShell\v1.0\;C:\Program Files (x86)\ATI Technologies\ATI.ACE\Core-Static;C:\Program Files (x86)\Skype\Phone\;C:\Windows\system32\config\systemprofile\.dnx\bin;C:\Program Files\Microsoft DNX\Dnvm\;C:\Program Files\Microsoft SQL Server\130\Tools\Binn\;C:\Program Files (x86)\Windows Kits\8.1\Windows Performance Toolkit\
USERNAME=jjime
OS=Windows_NT
PROCESSOR_IDENTIFIER=AMD64 Family 20 Model 1 Stepping 0, AuthenticAMD



---------------  S Y S T E M  ---------------

OS: Windows 10.0 , 64 bit Build 10586 (10.0.10586.0)

CPU:total 2 (2 cores per cpu, 1 threads per core) family 20 model 1 stepping 0, cmov, cx8, fxsr, mmx, sse, sse2, sse3, ssse3, popcnt, mmxext, lzcnt, sse4a, tsc, tscinvbit, tscinv

Memory: 4k page, physical 3775348k(1081532k free), swap 4430708k(1006832k free)

vm_info: Java HotSpot(TM) 64-Bit Server VM (25.73-b02) for windows-amd64 JRE (1.8.0_73-b02), built on Jan 29 2016 17:38:49 by "java_re" with MS VC++ 10.0 (VS2010)

time: Mon May 30 16:11:04 2016
elapsed time: 54 seconds (0d 0h 0m 54s)

