#
# A fatal error has been detected by the Java Runtime Environment:
#
#  Internal Error (0xe0434352), pid=7828, tid=2716
#
# JRE version: Java(TM) SE Runtime Environment (8.0_73-b02) (build 1.8.0_73-b02)
# Java VM: Java HotSpot(TM) 64-Bit Server VM (25.73-b02 mixed mode windows-amd64 compressed oops)
# Problematic frame:
# C  [KERNELBASE.dll+0x71f28]
#
# Failed to write core dump. Minidumps are not enabled by default on client versions of Windows
#
# If you would like to submit a bug report, please visit:
#   http://bugreport.java.com/bugreport/crash.jsp
# The crash happened outside the Java Virtual Machine in native code.
# See problematic frame for where to report the bug.
#

---------------  T H R E A D  ---------------

Current thread (0x0000000002100800):  JavaThread "main" [_thread_in_native, id=2716, stack(0x0000000002000000,0x0000000002100000)]

siginfo: ExceptionCode=0xe0434352, ExceptionInformation=0xffffffff80070020 0x0000000000000000 0x0000000000000000 0x0000000000000000 0x00007ffd3a040000 

Registers:
RAX=0x00007ffd00000000, RBX=0x0000000000000001, RCX=0x0000624d51d13643, RDX=0x00007ffd3a719160
RSP=0x00000000020fe4e0, RBP=0x0000000017621678, RSI=0x00000000020fe658, RDI=0x0000000000000005
R8 =0x00007ffd3a040001, R9 =0x00007ffd3a72d4db, R10=0x0000000000000000, R11=0x00007ffd2bb1d50d
R12=0x0000000000004000, R13=0x0000000000000000, R14=0x00000000e0434352, R15=0x0000000000000000
RIP=0x00007ffd53571f28, EFLAGS=0x0000000000000202

Top of Stack: (sp=0x00000000020fe4e0)
0x00000000020fe4e0:   0000000000000000 0000000000000001
0x00000000020fe4f0:   00000000020fe658 0000000000000005
0x00000000020fe500:   00000001e0434352 0000000000000000
0x00000000020fe510:   00007ffd53571f28 0000000000000005
0x00000000020fe520:   ffffffff80070020 0000000000000000
0x00000000020fe530:   0000000000000000 0000000000000000
0x00000000020fe540:   00007ffd3a040000 00000000020fe500
0x00000000020fe550:   fffffffffffffffe 00000000005bcba0
0x00000000020fe560:   fffffffffffffffe 00007ffd3a71a208
0x00000000020fe570:   0000624d51d13643 00007ffd3a717e60
0x00000000020fe580:   ffffffffffffffff 00007ffd3a0eeed8
0x00000000020fe590:   0000000000000000 00000000005c32b0
0x00000000020fe5a0:   0000718e26308278 0000000000000001
0x00000000020fe5b0:   0000000000000005 00007ffd3a0eeeb1
0x00000000020fe5c0:   0000000000000001 00000000020fe588
0x00000000020fe5d0:   0000000017621798 0000000000000061 

Instructions: (pc=0x00007ffd53571f28)
0x00007ffd53571f08:   49 8b d1 44 0f 47 c0 44 89 44 24 38 49 c1 e0 03
0x00007ffd53571f18:   e8 27 b2 00 00 48 8d 4c 24 20 ff 15 c8 a7 05 00
0x00007ffd53571f28:   48 8b 8c 24 c0 00 00 00 48 33 cc e8 98 7a 00 00
0x00007ffd53571f38:   48 81 c4 d8 00 00 00 c3 83 64 24 38 00 eb d6 cc 


Register to memory mapping:

RAX=0x00007ffd00000000 is an unknown value
RBX=0x0000000000000001 is an unknown value
RCX=0x0000624d51d13643 is an unknown value
RDX=0x00007ffd3a719160 is an unknown value
RSP=0x00000000020fe4e0 is pointing into the stack for thread: 0x0000000002100800
RBP=0x0000000017621678 is an unknown value
RSI=0x00000000020fe658 is pointing into the stack for thread: 0x0000000002100800
RDI=0x0000000000000005 is an unknown value
R8 =0x00007ffd3a040001 is an unknown value
R9 =0x00007ffd3a72d4db is an unknown value
R10=0x0000000000000000 is an unknown value
R11=0x00007ffd2bb1d50d is an unknown value
R12=0x0000000000004000 is an unknown value
R13=0x0000000000000000 is an unknown value
R14=0x00000000e0434352 is an unallocated location in the heap
R15=0x0000000000000000 is an unknown value


Stack: [0x0000000002000000,0x0000000002100000],  sp=0x00000000020fe4e0,  free space=1017k
Native frames: (J=compiled Java code, j=interpreted, Vv=VM code, C=native code)
C  [KERNELBASE.dll+0x71f28]
C  [clr.dll+0xaeeb1]
C  [clr.dll+0xaecb0]
C  [mscorlib.ni.dll+0x446bff]
C  [mscorlib.ni.dll+0x53e716]
C  [mscorlib.ni.dll+0x496de4]
C  [mscorlib.ni.dll+0x4623f6]
C  [mscorlib.ni.dll+0x462347]
C  [mscorlib.ni.dll+0xd615e7]
C  [mscorlib.ni.dll+0xcd93b2]
C  0x00007ffcdaa14c22

Java frames: (J=compiled Java code, j=interpreted, Vv=VM code)
j  Controlador.AbstractControlador.escribir(Ljava/lang/String;Ljava/lang/String;Ljava/lang/String;Ljava/lang/String;Ljava/lang/String;Ljava/lang/String;)V+0
j  Controlador.AbstractControlador.actualizarBitacora(LDTOSistemaAmortizacion/DtoSistema;)V+39
j  Controlador.AbstractControlador.crearSistemaAhorro(LDTOSistemaAmortizacion/DtoSistema;)V+75
j  Vistas.Consola.crearSistema()V+269
j  Main.Main.CONSOLA()V+23
j  Main.Main.main([Ljava/lang/String;)V+0
v  ~StubRoutines::call_stub

---------------  P R O C E S S  ---------------

Java Threads: ( => current thread )
  0x00000000147cf000 JavaThread "Service Thread" daemon [_thread_blocked, id=9720, stack(0x0000000016530000,0x0000000016630000)]
  0x00000000147de800 JavaThread "C1 CompilerThread2" daemon [_thread_blocked, id=9520, stack(0x0000000016030000,0x0000000016130000)]
  0x00000000147d5800 JavaThread "C2 CompilerThread1" daemon [_thread_blocked, id=1236, stack(0x0000000015f30000,0x0000000016030000)]
  0x00000000147d2000 JavaThread "C2 CompilerThread0" daemon [_thread_blocked, id=6928, stack(0x0000000015e30000,0x0000000015f30000)]
  0x00000000147cc800 JavaThread "Attach Listener" daemon [_thread_blocked, id=8540, stack(0x0000000015d30000,0x0000000015e30000)]
  0x00000000147ca800 JavaThread "Signal Dispatcher" daemon [_thread_blocked, id=9892, stack(0x0000000015c30000,0x0000000015d30000)]
  0x00000000021f6000 JavaThread "Finalizer" daemon [_thread_blocked, id=8264, stack(0x0000000015a30000,0x0000000015b30000)]
  0x0000000014799000 JavaThread "Reference Handler" daemon [_thread_blocked, id=8008, stack(0x0000000015930000,0x0000000015a30000)]
=>0x0000000002100800 JavaThread "main" [_thread_in_native, id=2716, stack(0x0000000002000000,0x0000000002100000)]

Other Threads:
  0x0000000014797800 VMThread [stack: 0x0000000015830000,0x0000000015930000] [id=4480]
  0x0000000016162800 WatcherThread [stack: 0x0000000016630000,0x0000000016730000] [id=7104]

VM state:not at safepoint (normal execution)

VM Mutex/Monitor currently owned by a thread: None

Heap:
 PSYoungGen      total 18944K, used 5421K [0x00000000eb400000, 0x00000000ec900000, 0x0000000100000000)
  eden space 16384K, 33% used [0x00000000eb400000,0x00000000eb94b6a8,0x00000000ec400000)
  from space 2560K, 0% used [0x00000000ec680000,0x00000000ec680000,0x00000000ec900000)
  to   space 2560K, 0% used [0x00000000ec400000,0x00000000ec400000,0x00000000ec680000)
 ParOldGen       total 44032K, used 0K [0x00000000c1c00000, 0x00000000c4700000, 0x00000000eb400000)
  object space 44032K, 0% used [0x00000000c1c00000,0x00000000c1c00000,0x00000000c4700000)
 Metaspace       used 7094K, capacity 7316K, committed 7552K, reserved 1056768K
  class space    used 798K, capacity 862K, committed 896K, reserved 1048576K

Card table byte_map: [0x00000000115c0000,0x00000000117c0000] byte_map_base: 0x0000000010fb2000

Marking Bits: (ParMarkBitMap*) 0x00000000740b0600
 Begin Bits: [0x0000000011d10000, 0x0000000012ca0000)
 End Bits:   [0x0000000012ca0000, 0x0000000013c30000)

Polling page: 0x00000000001f0000

CodeCache: size=245760Kb used=1833Kb max_used=1833Kb free=243926Kb
 bounds [0x0000000002200000, 0x0000000002470000, 0x0000000011200000]
 total_blobs=716 nmethods=395 adapters=234
 compilation: enabled

Compilation events (10 events):
Event: 793.286 Thread 0x00000000147de800  391       3       java.util.Locale::getCountry (8 bytes)
Event: 793.287 Thread 0x00000000147de800 nmethod 391 0x00000000023c6ed0 code [0x00000000023c7020, 0x00000000023c7210]
Event: 793.287 Thread 0x00000000147de800  392       3       java.util.Formatter::ensureOpen (16 bytes)
Event: 793.287 Thread 0x00000000147de800 nmethod 392 0x00000000023c72d0 code [0x00000000023c7440, 0x00000000023c7648]
Event: 793.287 Thread 0x00000000147de800  393       3       java.lang.Integer::parseInt (261 bytes)
Event: 793.289 Thread 0x00000000147de800 nmethod 393 0x00000000023c7710 code [0x00000000023c7ac0, 0x00000000023c98c8]
Event: 793.289 Thread 0x00000000147de800  395       3       java.lang.StringBuilder::append (6 bytes)
Event: 793.290 Thread 0x00000000147de800 nmethod 395 0x00000000023cabd0 code [0x00000000023cad40, 0x00000000023cafa8]
Event: 793.290 Thread 0x00000000147de800  394       3       java.util.regex.Pattern$LastNode::match (45 bytes)
Event: 793.290 Thread 0x00000000147de800 nmethod 394 0x00000000023cb090 code [0x00000000023cb200, 0x00000000023cb430]

GC Heap History (0 events):
No events

Deoptimization events (0 events):
No events

Internal exceptions (8 events):
Event: 0.053 Thread 0x0000000002100800 Exception <a 'java/lang/NoSuchMethodError': Method sun.misc.Unsafe.defineClass(Ljava/lang/String;[BII)Ljava/lang/Class; name or signature does not match> (0x00000000eb40d320) thrown at [D:\re\puppet\workspace\8-2-build-windows-amd64-cygwin\jdk8u73\6086\hots°‰UO«?
Event: 0.053 Thread 0x0000000002100800 Exception <a 'java/lang/NoSuchMethodError': Method sun.misc.Unsafe.prefetchRead(Ljava/lang/Object;J)V name or signature does not match> (0x00000000eb40d608) thrown at [D:\re\puppet\workspace\8-2-build-windows-amd64-cygwin\jdk8u73\6086\hotspot\src\share\vm\|â¦Éé:Å?
Event: 0.166 Thread 0x0000000002100800 Exception <a 'java/security/PrivilegedActionException'> (0x00000000eb5b01d0) thrown at [D:\re\puppet\workspace\8-2-build-windows-amd64-cygwin\jdk8u73\6086\hotspot\src\share\vm\prims\jvm.cpp, line 1386]
Event: 0.166 Thread 0x0000000002100800 Exception <a 'java/security/PrivilegedActionException'> (0x00000000eb5b05c8) thrown at [D:\re\puppet\workspace\8-2-build-windows-amd64-cygwin\jdk8u73\6086\hotspot\src\share\vm\prims\jvm.cpp, line 1386]
Event: 0.167 Thread 0x0000000002100800 Exception <a 'java/security/PrivilegedActionException'> (0x00000000eb5b47e0) thrown at [D:\re\puppet\workspace\8-2-build-windows-amd64-cygwin\jdk8u73\6086\hotspot\src\share\vm\prims\jvm.cpp, line 1386]
Event: 0.167 Thread 0x0000000002100800 Exception <a 'java/security/PrivilegedActionException'> (0x00000000eb5b4bd8) thrown at [D:\re\puppet\workspace\8-2-build-windows-amd64-cygwin\jdk8u73\6086\hotspot\src\share\vm\prims\jvm.cpp, line 1386]
Event: 39.845 Thread 0x0000000002100800 Exception <a 'java/lang/NoSuchFieldError': method resolution failed> (0x00000000eb785688) thrown at [D:\re\puppet\workspace\8-2-build-windows-amd64-cygwin\jdk8u73\6086\hotspot\src\share\vm\prims\methodHandles.cpp, line 1146]
Event: 39.847 Thread 0x0000000002100800 Exception <a 'java/lang/NoSuchFieldError': method resolution failed> (0x00000000eb792978) thrown at [D:\re\puppet\workspace\8-2-build-windows-amd64-cygwin\jdk8u73\6086\hotspot\src\share\vm\prims\methodHandles.cpp, line 1146]

Events (10 events):
Event: 39.882 loading class sun/misc/FDBigInteger
Event: 39.882 loading class sun/misc/FDBigInteger done
Event: 39.883 loading class sun/misc/FormattedFloatingDecimal$2
Event: 39.883 loading class sun/misc/FormattedFloatingDecimal$2 done
Event: 39.887 loading class java/lang/ClassLoaderHelper
Event: 39.887 loading class java/lang/ClassLoaderHelper done
Event: 530.645 loading class Modelo/Colon
Event: 530.645 loading class Modelo/Colon done
Event: 530.704 loading class Modelo/Frances
Event: 530.704 loading class Modelo/Frances done


Dynamic libraries:
0x00007ff7f6fa0000 - 0x00007ff7f6fd7000 	C:\Program Files\Java\jdk1.8.0_73\bin\java.exe
0x00007ffd562f0000 - 0x00007ffd564b1000 	C:\WINDOWS\SYSTEM32\ntdll.dll
0x00007ffd54610000 - 0x00007ffd546bd000 	C:\WINDOWS\system32\KERNEL32.DLL
0x00007ffd53500000 - 0x00007ffd536e8000 	C:\WINDOWS\system32\KERNELBASE.dll
0x00007ffd54720000 - 0x00007ffd547c7000 	C:\WINDOWS\system32\ADVAPI32.dll
0x00007ffd54360000 - 0x00007ffd543fd000 	C:\WINDOWS\system32\msvcrt.dll
0x00007ffd53800000 - 0x00007ffd5385b000 	C:\WINDOWS\system32\sechost.dll
0x00007ffd55fc0000 - 0x00007ffd560dc000 	C:\WINDOWS\system32\RPCRT4.dll
0x00007ffd56190000 - 0x00007ffd562e6000 	C:\WINDOWS\system32\USER32.dll
0x00007ffd54480000 - 0x00007ffd54606000 	C:\WINDOWS\system32\GDI32.dll
0x00007ffd49550000 - 0x00007ffd497c4000 	C:\WINDOWS\WinSxS\amd64_microsoft.windows.common-controls_6595b64144ccf1df_6.0.10586.0_none_8c15ae12515e1c22\COMCTL32.dll
0x00007ffd53870000 - 0x00007ffd53aed000 	C:\WINDOWS\system32\combase.dll
0x00007ffd53250000 - 0x00007ffd532ba000 	C:\WINDOWS\system32\bcryptPrimitives.dll
0x00007ffd54a00000 - 0x00007ffd54a3b000 	C:\WINDOWS\system32\IMM32.DLL
0x0000000074b50000 - 0x0000000074c22000 	C:\Program Files\Java\jdk1.8.0_73\jre\bin\msvcr100.dll
0x00000000738a0000 - 0x0000000074130000 	C:\Program Files\Java\jdk1.8.0_73\jre\bin\server\jvm.dll
0x00007ffd53860000 - 0x00007ffd53868000 	C:\WINDOWS\system32\PSAPI.DLL
0x00007ffd4a3b0000 - 0x00007ffd4a3b9000 	C:\WINDOWS\SYSTEM32\WSOCK32.dll
0x00007ffd54830000 - 0x00007ffd5489b000 	C:\WINDOWS\system32\WS2_32.dll
0x00007ffd513f0000 - 0x00007ffd51413000 	C:\WINDOWS\SYSTEM32\WINMM.dll
0x00007ffd48a00000 - 0x00007ffd48a0a000 	C:\WINDOWS\SYSTEM32\VERSION.dll
0x00007ffd4f640000 - 0x00007ffd4f66c000 	C:\WINDOWS\SYSTEM32\WINMMBASE.dll
0x00007ffd532e0000 - 0x00007ffd53323000 	C:\WINDOWS\system32\cfgmgr32.dll
0x0000000074b00000 - 0x0000000074b0f000 	C:\Program Files\Java\jdk1.8.0_73\jre\bin\verify.dll
0x0000000074ad0000 - 0x0000000074af9000 	C:\Program Files\Java\jdk1.8.0_73\jre\bin\java.dll
0x0000000074ab0000 - 0x0000000074ac6000 	C:\Program Files\Java\jdk1.8.0_73\jre\bin\zip.dll
0x00007ffd54a40000 - 0x00007ffd55f9c000 	C:\WINDOWS\system32\SHELL32.dll
0x00007ffd52c00000 - 0x00007ffd53245000 	C:\WINDOWS\system32\windows.storage.dll
0x00007ffd54420000 - 0x00007ffd54472000 	C:\WINDOWS\system32\shlwapi.dll
0x00007ffd52910000 - 0x00007ffd5291f000 	C:\WINDOWS\system32\kernel.appcore.dll
0x00007ffd53330000 - 0x00007ffd533e5000 	C:\WINDOWS\system32\shcore.dll
0x00007ffd52950000 - 0x00007ffd5299b000 	C:\WINDOWS\system32\powrprof.dll
0x00007ffd52930000 - 0x00007ffd52944000 	C:\WINDOWS\system32\profapi.dll
0x0000000073880000 - 0x000000007389a000 	C:\Program Files\Java\jdk1.8.0_73\jre\bin\net.dll
0x00007ffd521e0000 - 0x00007ffd5223c000 	C:\WINDOWS\system32\mswsock.dll
0x00007ffd511b0000 - 0x00007ffd5125a000 	C:\WINDOWS\SYSTEM32\DNSAPI.dll
0x00007ffd55fb0000 - 0x00007ffd55fb8000 	C:\WINDOWS\system32\NSI.dll
0x00007ffd48e10000 - 0x00007ffd48e1a000 	C:\Windows\System32\rasadhlp.dll
0x00007ffd50330000 - 0x00007ffd50368000 	C:\WINDOWS\SYSTEM32\IPHLPAPI.DLL
0x00007ffd4c9e0000 - 0x00007ffd4ca47000 	C:\WINDOWS\System32\fwpuclnt.dll
0x00007ffd52840000 - 0x00007ffd52869000 	C:\WINDOWS\SYSTEM32\bcrypt.dll
0x00007ffd35720000 - 0x00007ffd35752000 	C:\Users\jjime\Documents\GitHub\ProyectoDise-o2\ProyectoDise-o2\cppLibreriaBitacora.dll
0x00007ffd2c930000 - 0x00007ffd2caeb000 	C:\WINDOWS\SYSTEM32\ucrtbased.dll
0x00007ffd45180000 - 0x00007ffd451a3000 	C:\WINDOWS\SYSTEM32\VCRUNTIME140D.dll
0x00007ffd336f0000 - 0x00007ffd337e7000 	C:\WINDOWS\SYSTEM32\MSVCP140D.dll
0x00007ffd40cb0000 - 0x00007ffd40d18000 	C:\WINDOWS\SYSTEM32\mscoree.dll
0x00007ffd523b0000 - 0x00007ffd523bb000 	C:\WINDOWS\SYSTEM32\CRYPTBASE.DLL
0x00007ffd40c10000 - 0x00007ffd40ca8000 	C:\Windows\Microsoft.NET\Framework64\v4.0.30319\mscoreei.dll
0x00007ffd3a040000 - 0x00007ffd3a9d0000 	C:\Windows\Microsoft.NET\Framework64\v4.0.30319\clr.dll
0x00007ffd42140000 - 0x00007ffd42237000 	C:\WINDOWS\SYSTEM32\MSVCR120_CLR0400.dll
0x00007ffd2b460000 - 0x00007ffd2c924000 	C:\WINDOWS\assembly\NativeImages_v4.0.30319_64\mscorlib\2c5440b166ece2da7d6cc4031a72127c\mscorlib.ni.dll
0x00007ffd2b350000 - 0x00007ffd2b455000 	C:\Windows\Microsoft.NET\Framework64\v4.0.30319\clrjit.dll
0x00007ffd54220000 - 0x00007ffd542e1000 	C:\WINDOWS\system32\OLEAUT32.dll
0x00007ffd2b230000 - 0x00007ffd2b347000 	C:\Windows\Microsoft.NET\Framework64\v4.0.30319\diasymreader.dll
0x00007ffd53af0000 - 0x00007ffd53c33000 	C:\WINDOWS\system32\ole32.dll
0x00007ffd2a660000 - 0x00007ffd2b230000 	C:\WINDOWS\assembly\NativeImages_v4.0.30319_64\System\c8cc15551e0d7f24a438dc13744f7113\System.ni.dll
0x00007ffd29dc0000 - 0x00007ffd2a652000 	C:\WINDOWS\assembly\NativeImages_v4.0.30319_64\System.Xml\feae4ec2ac506cb2f089c5aa0c2a0751\System.Xml.ni.dll
0x00007ffd2d850000 - 0x00007ffd2d9dc000 	C:\WINDOWS\SYSTEM32\dbghelp.dll

VM Arguments:
jvm_args: -Dfile.encoding=UTF-8 
java_command: Main.Main
java_class_path (initial): C:\Users\jjime\Documents\GitHub\ProyectoDise-o2\ProyectoDise-o2\json-simple-1.1.1.jar;C:\Users\jjime\Documents\GitHub\ProyectoDise-o2\ProyectoDise-o2\build\classes
Launcher Type: SUN_STANDARD

Environment Variables:
PATH=C:\ProgramData\Oracle\Java\javapath;C:\WINDOWS\system32;C:\WINDOWS;C:\WINDOWS\System32\Wbem;C:\WINDOWS\System32\WindowsPowerShell\v1.0\;C:\WINDOWS\system32\config\systemprofile\.dnx\bin;C:\Program Files\Microsoft DNX\Dnvm\;C:\Program Files\Microsoft SQL Server\130\Tools\Binn\;C:\Program Files (x86)\Windows Kits\8.1\Windows Performance Toolkit\
USERNAME=jjime
OS=Windows_NT
PROCESSOR_IDENTIFIER=Intel64 Family 6 Model 58 Stepping 9, GenuineIntel



---------------  S Y S T E M  ---------------

OS: Windows 10.0 , 64 bit Build 10586 (10.0.10586.0)

CPU:total 4 (2 cores per cpu, 2 threads per core) family 6 model 58 stepping 9, cmov, cx8, fxsr, mmx, sse, sse2, sse3, ssse3, sse4.1, sse4.2, popcnt, avx, clmul, erms, ht, tsc, tscinvbit, tscinv

Memory: 4k page, physical 4074720k(767600k free), swap 6010472k(1947056k free)

vm_info: Java HotSpot(TM) 64-Bit Server VM (25.73-b02) for windows-amd64 JRE (1.8.0_73-b02), built on Jan 29 2016 17:38:49 by "java_re" with MS VC++ 10.0 (VS2010)

time: Mon May 30 19:57:57 2016
elapsed time: 794 seconds (0d 0h 13m 14s)

